{"/home/travis/build/npmtest/node-npmtest-ts-node/test.js":{"path":"/home/travis/build/npmtest/node-npmtest-ts-node/test.js","s":{"1":2,"2":2,"3":2,"4":2,"5":2,"6":2,"7":2,"8":1,"9":2,"10":2,"11":1,"12":1,"13":1,"14":1,"15":2,"16":2,"17":2,"18":2,"19":1,"20":1,"21":2,"22":2,"23":2,"24":1,"25":1,"26":1,"27":1,"28":1,"29":1,"30":1,"31":1,"32":1,"33":1,"34":1,"35":1,"36":1,"37":1,"38":1,"39":2,"40":2,"41":1,"42":2,"43":2,"44":1,"45":2,"46":2,"47":1,"48":2,"49":2,"50":1,"51":1,"52":1,"53":1,"54":1},"b":{"1":[2,1,1,1],"2":[1,1,1,1],"3":[1,1],"4":[1,1],"5":[1,1],"6":[1,1],"7":[1,1],"8":[1,1],"9":[1,1],"10":[1,1,1],"11":[1,1],"12":[1,1],"13":[1,1],"14":[1,1],"15":[1,1],"16":[1,1],"17":[1,1]},"f":{"1":2,"2":2,"3":2,"4":2,"5":2,"6":1,"7":1,"8":1,"9":2,"10":2,"11":2,"12":2,"13":1},"fnMap":{"1":{"name":"(anonymous_1)","line":12,"loc":{"start":{"line":12,"column":1},"end":{"line":12,"column":13}}},"2":{"name":"(anonymous_2)","line":19,"loc":{"start":{"line":19,"column":5},"end":{"line":19,"column":17}}},"3":{"name":"(anonymous_3)","line":23,"loc":{"start":{"line":23,"column":24},"end":{"line":23,"column":36}}},"4":{"name":"(anonymous_4)","line":61,"loc":{"start":{"line":61,"column":5},"end":{"line":61,"column":17}}},"5":{"name":"(anonymous_5)","line":82,"loc":{"start":{"line":82,"column":5},"end":{"line":82,"column":17}}},"6":{"name":"(anonymous_6)","line":91,"loc":{"start":{"line":91,"column":77},"end":{"line":94,"column":10}}},"7":{"name":"(anonymous_7)","line":112,"loc":{"start":{"line":112,"column":83},"end":{"line":115,"column":10}},"skip":true},"8":{"name":"(anonymous_8)","line":123,"loc":{"start":{"line":123,"column":77},"end":{"line":126,"column":10}},"skip":true},"9":{"name":"(anonymous_9)","line":139,"loc":{"start":{"line":139,"column":12},"end":{"line":139,"column":40}},"skip":true},"10":{"name":"(anonymous_10)","line":147,"loc":{"start":{"line":147,"column":77},"end":{"line":150,"column":10}},"skip":true},"11":{"name":"(anonymous_11)","line":158,"loc":{"start":{"line":158,"column":83},"end":{"line":161,"column":10}},"skip":true},"12":{"name":"(anonymous_12)","line":169,"loc":{"start":{"line":169,"column":79},"end":{"line":172,"column":10}},"skip":true},"13":{"name":"(anonymous_13)","line":180,"loc":{"start":{"line":180,"column":75},"end":{"line":183,"column":10}},"skip":true}},"statementMap":{"1":{"start":{"line":12,"column":0},"end":{"line":195,"column":5}},"2":{"start":{"line":14,"column":4},"end":{"line":14,"column":14}},"3":{"start":{"line":19,"column":4},"end":{"line":56,"column":9}},"4":{"start":{"line":21,"column":8},"end":{"line":21,"column":19}},"5":{"start":{"line":23,"column":8},"end":{"line":35,"column":13}},"6":{"start":{"line":24,"column":12},"end":{"line":34,"column":13}},"7":{"start":{"line":25,"column":16},"end":{"line":28,"column":30}},"8":{"start":{"line":30,"column":16},"end":{"line":33,"column":27}},"9":{"start":{"line":37,"column":8},"end":{"line":39,"column":21}},"10":{"start":{"line":40,"column":8},"end":{"line":53,"column":9}},"11":{"start":{"line":43,"column":12},"end":{"line":46,"column":14}},"12":{"start":{"line":47,"column":12},"end":{"line":47,"column":18}},"13":{"start":{"line":50,"column":12},"end":{"line":51,"column":46}},"14":{"start":{"line":52,"column":12},"end":{"line":52,"column":18}},"15":{"start":{"line":55,"column":8},"end":{"line":55,"column":35}},"16":{"start":{"line":61,"column":4},"end":{"line":63,"column":9}},"17":{"start":{"line":62,"column":8},"end":{"line":62,"column":15}},"18":{"start":{"line":64,"column":4},"end":{"line":77,"column":5}},"19":{"start":{"line":70,"column":8},"end":{"line":70,"column":14}},"20":{"start":{"line":76,"column":8},"end":{"line":76,"column":14}},"21":{"start":{"line":82,"column":4},"end":{"line":84,"column":9}},"22":{"start":{"line":83,"column":8},"end":{"line":83,"column":15}},"23":{"start":{"line":85,"column":4},"end":{"line":194,"column":5}},"24":{"start":{"line":91,"column":8},"end":{"line":99,"column":10}},"25":{"start":{"line":98,"column":12},"end":{"line":98,"column":35}},"26":{"start":{"line":102,"column":8},"end":{"line":104,"column":63}},"27":{"start":{"line":105,"column":8},"end":{"line":105,"column":14}},"28":{"start":{"line":112,"column":8},"end":{"line":121,"column":10},"skip":true},"29":{"start":{"line":119,"column":12},"end":{"line":119,"column":55},"skip":true},"30":{"start":{"line":120,"column":12},"end":{"line":120,"column":48},"skip":true},"31":{"start":{"line":123,"column":8},"end":{"line":136,"column":10},"skip":true},"32":{"start":{"line":130,"column":12},"end":{"line":130,"column":76},"skip":true},"33":{"start":{"line":131,"column":12},"end":{"line":131,"column":73},"skip":true},"34":{"start":{"line":132,"column":12},"end":{"line":132,"column":74},"skip":true},"35":{"start":{"line":133,"column":12},"end":{"line":133,"column":79},"skip":true},"36":{"start":{"line":134,"column":12},"end":{"line":134,"column":25},"skip":true},"37":{"start":{"line":135,"column":12},"end":{"line":135,"column":45},"skip":true},"38":{"start":{"line":138,"column":8},"end":{"line":145,"column":14},"skip":true},"39":{"start":{"line":143,"column":16},"end":{"line":143,"column":29},"skip":true},"40":{"start":{"line":144,"column":16},"end":{"line":144,"column":55},"skip":true},"41":{"start":{"line":147,"column":8},"end":{"line":156,"column":10},"skip":true},"42":{"start":{"line":154,"column":12},"end":{"line":154,"column":25},"skip":true},"43":{"start":{"line":155,"column":12},"end":{"line":155,"column":45},"skip":true},"44":{"start":{"line":158,"column":8},"end":{"line":167,"column":10},"skip":true},"45":{"start":{"line":165,"column":12},"end":{"line":165,"column":25},"skip":true},"46":{"start":{"line":166,"column":12},"end":{"line":166,"column":48},"skip":true},"47":{"start":{"line":169,"column":8},"end":{"line":178,"column":10},"skip":true},"48":{"start":{"line":176,"column":12},"end":{"line":176,"column":25},"skip":true},"49":{"start":{"line":177,"column":12},"end":{"line":177,"column":46},"skip":true},"50":{"start":{"line":180,"column":8},"end":{"line":189,"column":10},"skip":true},"51":{"start":{"line":187,"column":12},"end":{"line":187,"column":94},"skip":true},"52":{"start":{"line":188,"column":12},"end":{"line":188,"column":48},"skip":true},"53":{"start":{"line":192,"column":8},"end":{"line":192,"column":35},"skip":true},"54":{"start":{"line":193,"column":8},"end":{"line":193,"column":14},"skip":true}},"branchMap":{"1":{"line":25,"type":"binary-expr","locations":[{"start":{"line":25,"column":23},"end":{"line":25,"column":62}},{"start":{"line":26,"column":20},"end":{"line":26,"column":70}},{"start":{"line":27,"column":20},"end":{"line":27,"column":71}},{"start":{"line":28,"column":20},"end":{"line":28,"column":29}}]},"2":{"line":30,"type":"binary-expr","locations":[{"start":{"line":30,"column":23},"end":{"line":30,"column":37}},{"start":{"line":31,"column":20},"end":{"line":31,"column":61}},{"start":{"line":32,"column":20},"end":{"line":32,"column":70}},{"start":{"line":33,"column":20},"end":{"line":33,"column":26}}]},"3":{"line":37,"type":"cond-expr","locations":[{"start":{"line":38,"column":14},"end":{"line":38,"column":20}},{"start":{"line":39,"column":14},"end":{"line":39,"column":20}}]},"4":{"line":40,"type":"switch","locations":[{"start":{"line":42,"column":8},"end":{"line":47,"column":18}},{"start":{"line":49,"column":8},"end":{"line":52,"column":18}}]},"5":{"line":44,"type":"binary-expr","locations":[{"start":{"line":44,"column":16},"end":{"line":44,"column":44}},{"start":{"line":44,"column":48},"end":{"line":44,"column":66}}]},"6":{"line":50,"type":"binary-expr","locations":[{"start":{"line":50,"column":21},"end":{"line":50,"column":49}},{"start":{"line":50,"column":53},"end":{"line":50,"column":72}}]},"7":{"line":64,"type":"switch","locations":[{"start":{"line":69,"column":4},"end":{"line":70,"column":14}},{"start":{"line":75,"column":4},"end":{"line":76,"column":14}}]},"8":{"line":85,"type":"switch","locations":[{"start":{"line":90,"column":4},"end":{"line":105,"column":14}},{"start":{"line":111,"column":4},"end":{"line":193,"column":14},"skip":true}]},"9":{"line":91,"type":"binary-expr","locations":[{"start":{"line":91,"column":42},"end":{"line":91,"column":73}},{"start":{"line":91,"column":77},"end":{"line":99,"column":9}}]},"10":{"line":102,"type":"binary-expr","locations":[{"start":{"line":102,"column":18},"end":{"line":102,"column":32}},{"start":{"line":103,"column":12},"end":{"line":103,"column":53}},{"start":{"line":104,"column":12},"end":{"line":104,"column":61}}]},"11":{"line":112,"type":"binary-expr","locations":[{"start":{"line":112,"column":45},"end":{"line":112,"column":79},"skip":true},{"start":{"line":112,"column":83},"end":{"line":121,"column":9},"skip":true}]},"12":{"line":123,"type":"binary-expr","locations":[{"start":{"line":123,"column":42},"end":{"line":123,"column":73},"skip":true},{"start":{"line":123,"column":77},"end":{"line":136,"column":9},"skip":true}]},"13":{"line":138,"type":"binary-expr","locations":[{"start":{"line":138,"column":48},"end":{"line":138,"column":85},"skip":true},{"start":{"line":139,"column":12},"end":{"line":145,"column":13},"skip":true}]},"14":{"line":147,"type":"binary-expr","locations":[{"start":{"line":147,"column":42},"end":{"line":147,"column":73},"skip":true},{"start":{"line":147,"column":77},"end":{"line":156,"column":9},"skip":true}]},"15":{"line":158,"type":"binary-expr","locations":[{"start":{"line":158,"column":45},"end":{"line":158,"column":79},"skip":true},{"start":{"line":158,"column":83},"end":{"line":167,"column":9},"skip":true}]},"16":{"line":169,"type":"binary-expr","locations":[{"start":{"line":169,"column":43},"end":{"line":169,"column":75},"skip":true},{"start":{"line":169,"column":79},"end":{"line":178,"column":9},"skip":true}]},"17":{"line":180,"type":"binary-expr","locations":[{"start":{"line":180,"column":41},"end":{"line":180,"column":71},"skip":true},{"start":{"line":180,"column":75},"end":{"line":189,"column":9},"skip":true}]}},"code":["/* istanbul instrument in package npmtest_ts_node */","/*jslint","    bitwise: true,","    browser: true,","    maxerr: 8,","    maxlen: 96,","    node: true,","    nomen: true,","    regexp: true,","    stupid: true","*/","(function () {","    'use strict';","    var local;","","","","    // run shared js-env code - pre-init","    (function () {","        // init local","        local = {};","        // init modeJs","        local.modeJs = (function () {","            try {","                return typeof navigator.userAgent === 'string' &&","                    typeof document.querySelector('body') === 'object' &&","                    typeof XMLHttpRequest.prototype.open === 'function' &&","                    'browser';","            } catch (errorCaughtBrowser) {","                return module.exports &&","                    typeof process.versions.node === 'string' &&","                    typeof require('http').createServer === 'function' &&","                    'node';","            }","        }());","        // init global","        local.global = local.modeJs === 'browser'","            ? window","            : global;","        switch (local.modeJs) {","        // re-init local from window.local","        case 'browser':","            local = local.global.utility2.objectSetDefault(","                local.global.utility2_rollup || local.global.local,","                local.global.utility2","            );","            break;","        // re-init local from example.js","        case 'node':","            local = (local.global.utility2_rollup || require('utility2'))","                .requireExampleJsFromReadme();","            break;","        }","        // export local","        local.global.local = local;","    }());","","","","    // run shared js-env code - function","    (function () {","        return;","    }());","    switch (local.modeJs) {","","","","    // run browser js-env code - function","    case 'browser':","        break;","","","","    // run node js-env code - function","    case 'node':","        break;","    }","","","","    // run shared js-env code - post-init","    (function () {","        return;","    }());","    switch (local.modeJs) {","","","","    // run browser js-env code - post-init","    case 'browser':","        local.testCase_browser_nullCase = local.testCase_browser_nullCase || function (","            options,","            onError","        ) {","        /*","         * this function will test browsers's null-case handling-behavior-behavior","         */","            onError(null, options);","        };","","        // run tests","        local.nop(local.modeTest &&","            document.querySelector('#testRunButton1') &&","            document.querySelector('#testRunButton1').click());","        break;","","","","    // run node js-env code - post-init","    /* istanbul ignore next */","    case 'node':","        local.testCase_buildApidoc_default = local.testCase_buildApidoc_default || function (","            options,","            onError","        ) {","        /*","         * this function will test buildApidoc's default handling-behavior-behavior","         */","            options = { modulePathList: module.paths };","            local.buildApidoc(options, onError);","        };","","        local.testCase_buildApp_default = local.testCase_buildApp_default || function (","            options,","            onError","        ) {","        /*","         * this function will test buildApp's default handling-behavior-behavior","         */","            local.testCase_buildReadme_default(options, local.onErrorThrow);","            local.testCase_buildLib_default(options, local.onErrorThrow);","            local.testCase_buildTest_default(options, local.onErrorThrow);","            local.testCase_buildCustomOrg_default(options, local.onErrorThrow);","            options = [];","            local.buildApp(options, onError);","        };","","        local.testCase_buildCustomOrg_default = local.testCase_buildCustomOrg_default ||","            function (options, onError) {","            /*","             * this function will test buildCustomOrg's default handling-behavior","             */","                options = {};","                local.buildCustomOrg(options, onError);","            };","","        local.testCase_buildLib_default = local.testCase_buildLib_default || function (","            options,","            onError","        ) {","        /*","         * this function will test buildLib's default handling-behavior","         */","            options = {};","            local.buildLib(options, onError);","        };","","        local.testCase_buildReadme_default = local.testCase_buildReadme_default || function (","            options,","            onError","        ) {","        /*","         * this function will test buildReadme's default handling-behavior-behavior","         */","            options = {};","            local.buildReadme(options, onError);","        };","","        local.testCase_buildTest_default = local.testCase_buildTest_default || function (","            options,","            onError","        ) {","        /*","         * this function will test buildTest's default handling-behavior","         */","            options = {};","            local.buildTest(options, onError);","        };","","        local.testCase_webpage_default = local.testCase_webpage_default || function (","            options,","            onError","        ) {","        /*","         * this function will test webpage's default handling-behavior","         */","            options = { modeCoverageMerge: true, url: local.serverLocalHost + '?modeTest=1' };","            local.browserTest(options, onError);","        };","","        // run test-server","        local.testRunServer(local);","        break;","    }","}());",""],"l":{"12":2,"14":2,"19":2,"21":2,"23":2,"24":2,"25":2,"30":1,"37":2,"40":2,"43":1,"47":1,"50":1,"52":1,"55":2,"61":2,"62":2,"64":2,"70":1,"76":1,"82":2,"83":2,"85":2,"91":1,"98":1,"102":1,"105":1,"112":1,"119":1,"120":1,"123":1,"130":1,"131":1,"132":1,"133":1,"134":1,"135":1,"138":1,"143":2,"144":2,"147":1,"154":2,"155":2,"158":1,"165":2,"166":2,"169":1,"176":2,"177":2,"180":1,"187":1,"188":1,"192":1,"193":1}},"/home/travis/build/npmtest/node-npmtest-ts-node/lib.npmtest_ts_node.js":{"path":"/home/travis/build/npmtest/node-npmtest-ts-node/lib.npmtest_ts_node.js","s":{"1":2,"2":2,"3":2,"4":2,"5":2,"6":2,"7":2,"8":1,"9":2,"10":2,"11":2,"12":2,"13":1,"14":1,"15":1,"16":1},"b":{"1":[2,1,1,1],"2":[1,1,1,1],"3":[1,1],"4":[2,2],"5":[1,1]},"f":{"1":2,"2":2,"3":2},"fnMap":{"1":{"name":"(anonymous_1)","line":12,"loc":{"start":{"line":12,"column":1},"end":{"line":12,"column":13}}},"2":{"name":"(anonymous_2)","line":19,"loc":{"start":{"line":19,"column":5},"end":{"line":19,"column":17}}},"3":{"name":"(anonymous_3)","line":23,"loc":{"start":{"line":23,"column":24},"end":{"line":23,"column":36}}}},"statementMap":{"1":{"start":{"line":12,"column":0},"end":{"line":53,"column":5}},"2":{"start":{"line":14,"column":4},"end":{"line":14,"column":14}},"3":{"start":{"line":19,"column":4},"end":{"line":52,"column":9}},"4":{"start":{"line":21,"column":8},"end":{"line":21,"column":19}},"5":{"start":{"line":23,"column":8},"end":{"line":35,"column":13}},"6":{"start":{"line":24,"column":12},"end":{"line":34,"column":13}},"7":{"start":{"line":25,"column":16},"end":{"line":28,"column":30}},"8":{"start":{"line":30,"column":16},"end":{"line":33,"column":27}},"9":{"start":{"line":37,"column":8},"end":{"line":39,"column":21}},"10":{"start":{"line":41,"column":8},"end":{"line":41,"column":54}},"11":{"start":{"line":43,"column":8},"end":{"line":43,"column":52}},"12":{"start":{"line":45,"column":8},"end":{"line":51,"column":9}},"13":{"start":{"line":46,"column":12},"end":{"line":46,"column":58}},"14":{"start":{"line":48,"column":12},"end":{"line":48,"column":35}},"15":{"start":{"line":49,"column":12},"end":{"line":49,"column":49}},"16":{"start":{"line":50,"column":12},"end":{"line":50,"column":43}}},"branchMap":{"1":{"line":25,"type":"binary-expr","locations":[{"start":{"line":25,"column":23},"end":{"line":25,"column":62}},{"start":{"line":26,"column":20},"end":{"line":26,"column":70}},{"start":{"line":27,"column":20},"end":{"line":27,"column":71}},{"start":{"line":28,"column":20},"end":{"line":28,"column":29}}]},"2":{"line":30,"type":"binary-expr","locations":[{"start":{"line":30,"column":23},"end":{"line":30,"column":37}},{"start":{"line":31,"column":20},"end":{"line":31,"column":61}},{"start":{"line":32,"column":20},"end":{"line":32,"column":70}},{"start":{"line":33,"column":20},"end":{"line":33,"column":26}}]},"3":{"line":37,"type":"cond-expr","locations":[{"start":{"line":38,"column":14},"end":{"line":38,"column":20}},{"start":{"line":39,"column":14},"end":{"line":39,"column":20}}]},"4":{"line":41,"type":"binary-expr","locations":[{"start":{"line":41,"column":16},"end":{"line":41,"column":44}},{"start":{"line":41,"column":48},"end":{"line":41,"column":53}}]},"5":{"line":45,"type":"if","locations":[{"start":{"line":45,"column":8},"end":{"line":45,"column":8}},{"start":{"line":45,"column":8},"end":{"line":45,"column":8}}]}},"code":["/* istanbul instrument in package npmtest_ts_node */","/*jslint","    bitwise: true,","    browser: true,","    maxerr: 8,","    maxlen: 96,","    node: true,","    nomen: true,","    regexp: true,","    stupid: true","*/","(function () {","    'use strict';","    var local;","","","","    // run shared js-env code - pre-init","    (function () {","        // init local","        local = {};","        // init modeJs","        local.modeJs = (function () {","            try {","                return typeof navigator.userAgent === 'string' &&","                    typeof document.querySelector('body') === 'object' &&","                    typeof XMLHttpRequest.prototype.open === 'function' &&","                    'browser';","            } catch (errorCaughtBrowser) {","                return module.exports &&","                    typeof process.versions.node === 'string' &&","                    typeof require('http').createServer === 'function' &&","                    'node';","            }","        }());","        // init global","        local.global = local.modeJs === 'browser'","            ? window","            : global;","        // init utility2_rollup","        local = local.global.utility2_rollup || local;","        // init lib","        local.local = local.npmtest_ts_node = local;","        // init exports","        if (local.modeJs === 'browser') {","            local.global.utility2_npmtest_ts_node = local;","        } else {","            module.exports = local;","            module.exports.__dirname = __dirname;","            module.exports.module = module;","        }","    }());","}());",""],"l":{"12":2,"14":2,"19":2,"21":2,"23":2,"24":2,"25":2,"30":1,"37":2,"41":2,"43":2,"45":2,"46":1,"48":1,"49":1,"50":1}},"/home/travis/build/npmtest/node-npmtest-ts-node/example.js":{"path":"/home/travis/build/npmtest/node-npmtest-ts-node/example.js","s":{"1":2,"2":2,"3":2,"4":2,"5":2,"6":2,"7":2,"8":1,"9":2,"10":2,"11":2,"12":2,"13":1,"14":2,"15":2,"16":2,"17":2,"18":2,"19":0,"20":2,"21":1,"22":1,"23":1,"24":1,"25":1,"26":0,"27":0,"28":1,"29":1,"30":2,"31":0,"32":0,"33":0,"34":1,"35":2,"36":2,"37":3,"38":3,"39":3,"40":3,"41":0,"42":3,"43":3,"44":3,"45":1,"46":3,"47":1,"48":1,"49":1,"50":1,"51":1,"52":1,"53":1,"54":1,"55":1,"56":1,"57":0,"58":1,"59":6,"60":6,"61":1,"62":2,"63":0,"64":2,"65":1,"66":1,"67":0,"68":0,"69":0,"70":0,"71":0,"72":0,"73":0,"74":0,"75":0,"76":0,"77":0,"78":0,"79":0,"80":0,"81":0,"82":0,"83":0},"b":{"1":[2,1,1,1],"2":[1,1,1,1],"3":[1,1],"4":[2,2],"5":[1,1],"6":[1,1],"7":[2,0],"8":[2,1,1,1,1,1],"9":[0,2,0],"10":[1,1],"11":[2,1,1],"12":[1,0],"13":[0,2],"14":[2,0,0,0,0,0,0],"15":[0,3],"16":[3,0],"17":[1,1],"18":[0,1],"19":[1,2,0,2],"20":[1,0],"21":[1,1],"22":[0,0],"23":[0,0],"24":[0,0],"25":[0,0],"26":[0,0],"27":[0,0],"28":[0,0]},"f":{"1":2,"2":2,"3":2,"4":2,"5":2,"6":2,"7":3,"8":3,"9":3,"10":1,"11":6,"12":0},"fnMap":{"1":{"name":"(anonymous_1)","line":26,"loc":{"start":{"line":26,"column":1},"end":{"line":26,"column":13}}},"2":{"name":"(anonymous_2)","line":33,"loc":{"start":{"line":33,"column":5},"end":{"line":33,"column":17}}},"3":{"name":"(anonymous_3)","line":37,"loc":{"start":{"line":37,"column":24},"end":{"line":37,"column":36}}},"4":{"name":"(anonymous_4)","line":69,"loc":{"start":{"line":69,"column":31},"end":{"line":69,"column":48}},"skip":true},"5":{"name":"(anonymous_5)","line":78,"loc":{"start":{"line":78,"column":26},"end":{"line":78,"column":45}},"skip":true},"6":{"name":"(anonymous_6)","line":123,"loc":{"start":{"line":123,"column":33},"end":{"line":123,"column":48}},"skip":true},"7":{"name":"(anonymous_7)","line":125,"loc":{"start":{"line":125,"column":27},"end":{"line":125,"column":39}},"skip":true},"8":{"name":"(anonymous_8)","line":133,"loc":{"start":{"line":133,"column":59},"end":{"line":133,"column":74}},"skip":true},"9":{"name":"(anonymous_9)","line":143,"loc":{"start":{"line":143,"column":45},"end":{"line":143,"column":62}},"skip":true},"10":{"name":"(anonymous_10)","line":144,"loc":{"start":{"line":144,"column":73},"end":{"line":144,"column":92}},"skip":true},"11":{"name":"(anonymous_11)","line":272,"loc":{"start":{"line":272,"column":51},"end":{"line":272,"column":77}},"skip":true},"12":{"name":"(anonymous_12)","line":315,"loc":{"start":{"line":315,"column":32},"end":{"line":315,"column":61}},"skip":true}},"statementMap":{"1":{"start":{"line":26,"column":0},"end":{"line":326,"column":5}},"2":{"start":{"line":28,"column":4},"end":{"line":28,"column":14}},"3":{"start":{"line":33,"column":4},"end":{"line":60,"column":9}},"4":{"start":{"line":35,"column":8},"end":{"line":35,"column":19}},"5":{"start":{"line":37,"column":8},"end":{"line":49,"column":13}},"6":{"start":{"line":38,"column":12},"end":{"line":48,"column":13}},"7":{"start":{"line":39,"column":16},"end":{"line":42,"column":30}},"8":{"start":{"line":44,"column":16},"end":{"line":47,"column":27}},"9":{"start":{"line":51,"column":8},"end":{"line":53,"column":21}},"10":{"start":{"line":55,"column":8},"end":{"line":57,"column":45}},"11":{"start":{"line":59,"column":8},"end":{"line":59,"column":35}},"12":{"start":{"line":61,"column":4},"end":{"line":325,"column":5}},"13":{"start":{"line":69,"column":8},"end":{"line":121,"column":10},"skip":true},"14":{"start":{"line":70,"column":12},"end":{"line":88,"column":13},"skip":true},"15":{"start":{"line":76,"column":16},"end":{"line":87,"column":19},"skip":true},"16":{"start":{"line":79,"column":20},"end":{"line":86,"column":21},"skip":true},"17":{"start":{"line":82,"column":24},"end":{"line":82,"column":43},"skip":true},"18":{"start":{"line":83,"column":24},"end":{"line":83,"column":30},"skip":true},"19":{"start":{"line":85,"column":24},"end":{"line":85,"column":49},"skip":true},"20":{"start":{"line":89,"column":12},"end":{"line":107,"column":13},"skip":true},"21":{"start":{"line":92,"column":16},"end":{"line":102,"column":17},"skip":true},"22":{"start":{"line":93,"column":20},"end":{"line":93,"column":86},"skip":true},"23":{"start":{"line":94,"column":20},"end":{"line":95,"column":45},"skip":true},"24":{"start":{"line":96,"column":20},"end":{"line":96,"column":42},"skip":true},"25":{"start":{"line":97,"column":20},"end":{"line":97,"column":48},"skip":true},"26":{"start":{"line":100,"column":20},"end":{"line":100,"column":85},"skip":true},"27":{"start":{"line":101,"column":20},"end":{"line":101,"column":96},"skip":true},"28":{"start":{"line":103,"column":16},"end":{"line":103,"column":22},"skip":true},"29":{"start":{"line":106,"column":16},"end":{"line":106,"column":22},"skip":true},"30":{"start":{"line":108,"column":12},"end":{"line":120,"column":13},"skip":true},"31":{"start":{"line":114,"column":16},"end":{"line":119,"column":17},"skip":true},"32":{"start":{"line":116,"column":20},"end":{"line":116,"column":78},"skip":true},"33":{"start":{"line":118,"column":20},"end":{"line":118,"column":47},"skip":true},"34":{"start":{"line":123,"column":8},"end":{"line":141,"column":11},"skip":true},"35":{"start":{"line":124,"column":12},"end":{"line":124,"column":54},"skip":true},"36":{"start":{"line":125,"column":12},"end":{"line":140,"column":14},"skip":true},"37":{"start":{"line":126,"column":16},"end":{"line":126,"column":28},"skip":true},"38":{"start":{"line":127,"column":16},"end":{"line":127,"column":69},"skip":true},"39":{"start":{"line":128,"column":16},"end":{"line":128,"column":75},"skip":true},"40":{"start":{"line":129,"column":16},"end":{"line":131,"column":17},"skip":true},"41":{"start":{"line":130,"column":20},"end":{"line":130,"column":27},"skip":true},"42":{"start":{"line":133,"column":16},"end":{"line":137,"column":36},"skip":true},"43":{"start":{"line":134,"column":20},"end":{"line":136,"column":55},"skip":true},"44":{"start":{"line":139,"column":16},"end":{"line":139,"column":57},"skip":true},"45":{"start":{"line":143,"column":8},"end":{"line":147,"column":11},"skip":true},"46":{"start":{"line":144,"column":12},"end":{"line":146,"column":15},"skip":true},"47":{"start":{"line":145,"column":16},"end":{"line":145,"column":70},"skip":true},"48":{"start":{"line":149,"column":8},"end":{"line":149,"column":31},"skip":true},"49":{"start":{"line":150,"column":8},"end":{"line":150,"column":14},"skip":true},"50":{"start":{"line":158,"column":8},"end":{"line":158,"column":31},"skip":true},"51":{"start":{"line":160,"column":8},"end":{"line":160,"column":33},"skip":true},"52":{"start":{"line":161,"column":8},"end":{"line":161,"column":37},"skip":true},"53":{"start":{"line":162,"column":8},"end":{"line":162,"column":35},"skip":true},"54":{"start":{"line":164,"column":8},"end":{"line":164,"column":50},"skip":true},"55":{"start":{"line":166,"column":8},"end":{"line":256,"column":2},"skip":true},"56":{"start":{"line":258,"column":8},"end":{"line":286,"column":9},"skip":true},"57":{"start":{"line":259,"column":12},"end":{"line":269,"column":14},"skip":true},"58":{"start":{"line":271,"column":12},"end":{"line":285,"column":19},"skip":true},"59":{"start":{"line":274,"column":20},"end":{"line":274,"column":35},"skip":true},"60":{"start":{"line":275,"column":20},"end":{"line":284,"column":21},"skip":true},"61":{"start":{"line":277,"column":24},"end":{"line":277,"column":64},"skip":true},"62":{"start":{"line":279,"column":24},"end":{"line":279,"column":40},"skip":true},"63":{"start":{"line":281,"column":24},"end":{"line":281,"column":40},"skip":true},"64":{"start":{"line":283,"column":24},"end":{"line":283,"column":39},"skip":true},"65":{"start":{"line":288,"column":8},"end":{"line":290,"column":9},"skip":true},"66":{"start":{"line":289,"column":12},"end":{"line":289,"column":18},"skip":true},"67":{"start":{"line":291,"column":8},"end":{"line":293,"column":54},"skip":true},"68":{"start":{"line":296,"column":8},"end":{"line":301,"column":37},"skip":true},"69":{"start":{"line":303,"column":8},"end":{"line":303,"column":82},"skip":true},"70":{"start":{"line":306,"column":8},"end":{"line":308,"column":9},"skip":true},"71":{"start":{"line":307,"column":12},"end":{"line":307,"column":82},"skip":true},"72":{"start":{"line":310,"column":8},"end":{"line":312,"column":9},"skip":true},"73":{"start":{"line":311,"column":12},"end":{"line":311,"column":18},"skip":true},"74":{"start":{"line":313,"column":8},"end":{"line":313,"column":54},"skip":true},"75":{"start":{"line":314,"column":8},"end":{"line":314,"column":69},"skip":true},"76":{"start":{"line":315,"column":8},"end":{"line":323,"column":36},"skip":true},"77":{"start":{"line":316,"column":12},"end":{"line":316,"column":61},"skip":true},"78":{"start":{"line":317,"column":12},"end":{"line":320,"column":13},"skip":true},"79":{"start":{"line":318,"column":16},"end":{"line":318,"column":75},"skip":true},"80":{"start":{"line":319,"column":16},"end":{"line":319,"column":23},"skip":true},"81":{"start":{"line":321,"column":12},"end":{"line":321,"column":38},"skip":true},"82":{"start":{"line":322,"column":12},"end":{"line":322,"column":27},"skip":true},"83":{"start":{"line":324,"column":8},"end":{"line":324,"column":14},"skip":true}},"branchMap":{"1":{"line":39,"type":"binary-expr","locations":[{"start":{"line":39,"column":23},"end":{"line":39,"column":62}},{"start":{"line":40,"column":20},"end":{"line":40,"column":70}},{"start":{"line":41,"column":20},"end":{"line":41,"column":71}},{"start":{"line":42,"column":20},"end":{"line":42,"column":29}}]},"2":{"line":44,"type":"binary-expr","locations":[{"start":{"line":44,"column":23},"end":{"line":44,"column":37}},{"start":{"line":45,"column":20},"end":{"line":45,"column":61}},{"start":{"line":46,"column":20},"end":{"line":46,"column":70}},{"start":{"line":47,"column":20},"end":{"line":47,"column":26}}]},"3":{"line":51,"type":"cond-expr","locations":[{"start":{"line":52,"column":14},"end":{"line":52,"column":20}},{"start":{"line":53,"column":14},"end":{"line":53,"column":20}}]},"4":{"line":55,"type":"binary-expr","locations":[{"start":{"line":55,"column":16},"end":{"line":55,"column":44}},{"start":{"line":55,"column":49},"end":{"line":57,"column":43}}]},"5":{"line":55,"type":"cond-expr","locations":[{"start":{"line":56,"column":14},"end":{"line":56,"column":51}},{"start":{"line":57,"column":14},"end":{"line":57,"column":43}}]},"6":{"line":61,"type":"switch","locations":[{"start":{"line":68,"column":4},"end":{"line":150,"column":14},"skip":true},{"start":{"line":156,"column":4},"end":{"line":324,"column":14},"skip":true}]},"7":{"line":70,"type":"if","locations":[{"start":{"line":70,"column":12},"end":{"line":70,"column":12},"skip":true},{"start":{"line":70,"column":12},"end":{"line":70,"column":12},"skip":true}]},"8":{"line":70,"type":"binary-expr","locations":[{"start":{"line":70,"column":16},"end":{"line":70,"column":22},"skip":true},{"start":{"line":70,"column":27},"end":{"line":70,"column":32},"skip":true},{"start":{"line":71,"column":20},"end":{"line":71,"column":39},"skip":true},{"start":{"line":72,"column":20},"end":{"line":72,"column":49},"skip":true},{"start":{"line":73,"column":20},"end":{"line":73,"column":58},"skip":true},{"start":{"line":74,"column":20},"end":{"line":74,"column":69},"skip":true}]},"9":{"line":79,"type":"switch","locations":[{"start":{"line":80,"column":20},"end":{"line":80,"column":33},"skip":true},{"start":{"line":81,"column":20},"end":{"line":83,"column":30},"skip":true},{"start":{"line":84,"column":20},"end":{"line":85,"column":49},"skip":true}]},"10":{"line":89,"type":"switch","locations":[{"start":{"line":90,"column":12},"end":{"line":103,"column":22},"skip":true},{"start":{"line":105,"column":12},"end":{"line":106,"column":22},"skip":true}]},"11":{"line":89,"type":"binary-expr","locations":[{"start":{"line":89,"column":20},"end":{"line":89,"column":25},"skip":true},{"start":{"line":89,"column":29},"end":{"line":89,"column":48},"skip":true},{"start":{"line":89,"column":52},"end":{"line":89,"column":74},"skip":true}]},"12":{"line":92,"type":"if","locations":[{"start":{"line":92,"column":16},"end":{"line":92,"column":16},"skip":true},{"start":{"line":92,"column":16},"end":{"line":92,"column":16},"skip":true}]},"13":{"line":108,"type":"if","locations":[{"start":{"line":108,"column":12},"end":{"line":108,"column":12},"skip":true},{"start":{"line":108,"column":12},"end":{"line":108,"column":12},"skip":true}]},"14":{"line":108,"type":"binary-expr","locations":[{"start":{"line":108,"column":16},"end":{"line":108,"column":61},"skip":true},{"start":{"line":108,"column":66},"end":{"line":108,"column":72},"skip":true},{"start":{"line":108,"column":77},"end":{"line":108,"column":82},"skip":true},{"start":{"line":109,"column":20},"end":{"line":109,"column":39},"skip":true},{"start":{"line":110,"column":20},"end":{"line":110,"column":49},"skip":true},{"start":{"line":111,"column":20},"end":{"line":111,"column":58},"skip":true},{"start":{"line":112,"column":20},"end":{"line":112,"column":68},"skip":true}]},"15":{"line":129,"type":"if","locations":[{"start":{"line":129,"column":16},"end":{"line":129,"column":16},"skip":true},{"start":{"line":129,"column":16},"end":{"line":129,"column":16},"skip":true}]},"16":{"line":134,"type":"cond-expr","locations":[{"start":{"line":135,"column":26},"end":{"line":135,"column":29},"skip":true},{"start":{"line":136,"column":26},"end":{"line":136,"column":54},"skip":true}]},"17":{"line":164,"type":"binary-expr","locations":[{"start":{"line":164,"column":27},"end":{"line":164,"column":43},"skip":true},{"start":{"line":164,"column":47},"end":{"line":164,"column":49},"skip":true}]},"18":{"line":258,"type":"if","locations":[{"start":{"line":258,"column":8},"end":{"line":258,"column":8},"skip":true},{"start":{"line":258,"column":8},"end":{"line":258,"column":8},"skip":true}]},"19":{"line":275,"type":"switch","locations":[{"start":{"line":276,"column":20},"end":{"line":277,"column":64},"skip":true},{"start":{"line":278,"column":20},"end":{"line":279,"column":40},"skip":true},{"start":{"line":280,"column":20},"end":{"line":281,"column":40},"skip":true},{"start":{"line":282,"column":20},"end":{"line":283,"column":39},"skip":true}]},"20":{"line":288,"type":"if","locations":[{"start":{"line":288,"column":8},"end":{"line":288,"column":8},"skip":true},{"start":{"line":288,"column":8},"end":{"line":288,"column":8},"skip":true}]},"21":{"line":288,"type":"binary-expr","locations":[{"start":{"line":288,"column":12},"end":{"line":288,"column":40},"skip":true},{"start":{"line":288,"column":44},"end":{"line":288,"column":67},"skip":true}]},"22":{"line":292,"type":"binary-expr","locations":[{"start":{"line":292,"column":12},"end":{"line":292,"column":50},"skip":true},{"start":{"line":293,"column":12},"end":{"line":293,"column":53},"skip":true}]},"23":{"line":297,"type":"binary-expr","locations":[{"start":{"line":297,"column":12},"end":{"line":297,"column":65},"skip":true},{"start":{"line":298,"column":12},"end":{"line":301,"column":36},"skip":true}]},"24":{"line":303,"type":"binary-expr","locations":[{"start":{"line":303,"column":43},"end":{"line":303,"column":75},"skip":true},{"start":{"line":303,"column":79},"end":{"line":303,"column":81},"skip":true}]},"25":{"line":306,"type":"if","locations":[{"start":{"line":306,"column":8},"end":{"line":306,"column":8},"skip":true},{"start":{"line":306,"column":8},"end":{"line":306,"column":8},"skip":true}]},"26":{"line":310,"type":"if","locations":[{"start":{"line":310,"column":8},"end":{"line":310,"column":8},"skip":true},{"start":{"line":310,"column":8},"end":{"line":310,"column":8},"skip":true}]},"27":{"line":313,"type":"binary-expr","locations":[{"start":{"line":313,"column":27},"end":{"line":313,"column":43},"skip":true},{"start":{"line":313,"column":47},"end":{"line":313,"column":53},"skip":true}]},"28":{"line":317,"type":"if","locations":[{"start":{"line":317,"column":12},"end":{"line":317,"column":12},"skip":true},{"start":{"line":317,"column":12},"end":{"line":317,"column":12},"skip":true}]}},"code":["/*","example.js","","quickstart example","","instruction","    1. save this script as example.js","    2. run the shell command:","        $ npm install npmtest-ts-node && PORT=8081 node example.js","    3. play with the browser-demo on http://127.0.0.1:8081","*/","","","","/* istanbul instrument in package npmtest_ts_node */","/*jslint","    bitwise: true,","    browser: true,","    maxerr: 8,","    maxlen: 96,","    node: true,","    nomen: true,","    regexp: true,","    stupid: true","*/","(function () {","    'use strict';","    var local;","","","","    // run shared js-env code - pre-init","    (function () {","        // init local","        local = {};","        // init modeJs","        local.modeJs = (function () {","            try {","                return typeof navigator.userAgent === 'string' &&","                    typeof document.querySelector('body') === 'object' &&","                    typeof XMLHttpRequest.prototype.open === 'function' &&","                    'browser';","            } catch (errorCaughtBrowser) {","                return module.exports &&","                    typeof process.versions.node === 'string' &&","                    typeof require('http').createServer === 'function' &&","                    'node';","            }","        }());","        // init global","        local.global = local.modeJs === 'browser'","            ? window","            : global;","        // init utility2_rollup","        local = local.global.utility2_rollup || (local.modeJs === 'browser'","            ? local.global.utility2_npmtest_ts_node","            : global.utility2_moduleExports);","        // export local","        local.global.local = local;","    }());","    switch (local.modeJs) {","","","","    // post-init","    // run browser js-env code - post-init","    /* istanbul ignore next */","    case 'browser':","        local.testRunBrowser = function (event) {","            if (!event || (event &&","                    event.currentTarget &&","                    event.currentTarget.className &&","                    event.currentTarget.className.includes &&","                    event.currentTarget.className.includes('onreset'))) {","                // reset output","                Array.from(","                    document.querySelectorAll('body > .resettable')","                ).forEach(function (element) {","                    switch (element.tagName) {","                    case 'INPUT':","                    case 'TEXTAREA':","                        element.value = '';","                        break;","                    default:","                        element.textContent = '';","                    }","                });","            }","            switch (event && event.currentTarget && event.currentTarget.id) {","            case 'testRunButton1':","                // show tests","                if (document.querySelector('#testReportDiv1').style.display === 'none') {","                    document.querySelector('#testReportDiv1').style.display = 'block';","                    document.querySelector('#testRunButton1').textContent =","                        'hide internal test';","                    local.modeTest = true;","                    local.testRunDefault(local);","                // hide tests","                } else {","                    document.querySelector('#testReportDiv1').style.display = 'none';","                    document.querySelector('#testRunButton1').textContent = 'run internal test';","                }","                break;","            // custom-case","            default:","                break;","            }","            if (document.querySelector('#inputTextareaEval1') && (!event || (event &&","                    event.currentTarget &&","                    event.currentTarget.className &&","                    event.currentTarget.className.includes &&","                    event.currentTarget.className.includes('oneval')))) {","                // try to eval input-code","                try {","                    /*jslint evil: true*/","                    eval(document.querySelector('#inputTextareaEval1').value);","                } catch (errorCaught) {","                    console.error(errorCaught);","                }","            }","        };","        // log stderr and stdout to #outputTextareaStdout1","        ['error', 'log'].forEach(function (key) {","            console[key + '_original'] = console[key];","            console[key] = function () {","                var element;","                console[key + '_original'].apply(console, arguments);","                element = document.querySelector('#outputTextareaStdout1');","                if (!element) {","                    return;","                }","                // append text to #outputTextareaStdout1","                element.value += Array.from(arguments).map(function (arg) {","                    return typeof arg === 'string'","                        ? arg","                        : JSON.stringify(arg, null, 4);","                }).join(' ') + '\\n';","                // scroll textarea to bottom","                element.scrollTop = element.scrollHeight;","            };","        });","        // init event-handling","        ['change', 'click', 'keyup'].forEach(function (event) {","            Array.from(document.querySelectorAll('.on' + event)).forEach(function (element) {","                element.addEventListener(event, local.testRunBrowser);","            });","        });","        // run tests","        local.testRunBrowser();","        break;","","","","    // run node js-env code - post-init","    /* istanbul ignore next */","    case 'node':","        // export local","        module.exports = local;","        // require modules","        local.fs = require('fs');","        local.http = require('http');","        local.url = require('url');","        // init assets","        local.assetsDict = local.assetsDict || {};","        /* jslint-ignore-begin */","        local.assetsDict['/assets.index.template.html'] = '\\","<!doctype html>\\n\\","<html lang=\"en\">\\n\\","<head>\\n\\","<meta charset=\"UTF-8\">\\n\\","<meta name=\"viewport\" content=\"width=device-width, initial-scale=1\">\\n\\","<title>{{env.npm_package_name}} (v{{env.npm_package_version}})</title>\\n\\","<style>\\n\\","/*csslint\\n\\","    box-sizing: false,\\n\\","    universal-selector: false\\n\\","*/\\n\\","* {\\n\\","    box-sizing: border-box;\\n\\","}\\n\\","body {\\n\\","    background: #dde;\\n\\","    font-family: Arial, Helvetica, sans-serif;\\n\\","    margin: 2rem;\\n\\","}\\n\\","body > * {\\n\\","    margin-bottom: 1rem;\\n\\","}\\n\\",".utility2FooterDiv {\\n\\","    margin-top: 20px;\\n\\","    text-align: center;\\n\\","}\\n\\","</style>\\n\\","<style>\\n\\","/*csslint\\n\\","*/\\n\\","textarea {\\n\\","    font-family: monospace;\\n\\","    height: 10rem;\\n\\","    width: 100%;\\n\\","}\\n\\","textarea[readonly] {\\n\\","    background: #ddd;\\n\\","}\\n\\","</style>\\n\\","</head>\\n\\","<body>\\n\\","<!-- utility2-comment\\n\\","<div id=\"ajaxProgressDiv1\" style=\"background: #d00; height: 2px; left: 0; margin: 0; padding: 0; position: fixed; top: 0; transition: background 0.5s, width 1.5s; width: 25%;\"></div>\\n\\","utility2-comment -->\\n\\","<h1>\\n\\","<!-- utility2-comment\\n\\","    <a\\n\\","        {{#if env.npm_package_homepage}}\\n\\","        href=\"{{env.npm_package_homepage}}\"\\n\\","        {{/if env.npm_package_homepage}}\\n\\","        target=\"_blank\"\\n\\","    >\\n\\","utility2-comment -->\\n\\","        {{env.npm_package_name}} (v{{env.npm_package_version}})\\n\\","<!-- utility2-comment\\n\\","    </a>\\n\\","utility2-comment -->\\n\\","</h1>\\n\\","<h3>{{env.npm_package_description}}</h3>\\n\\","<!-- utility2-comment\\n\\","<h4><a download href=\"assets.app.js\">download standalone app</a></h4>\\n\\","<button class=\"onclick onreset\" id=\"testRunButton1\">run internal test</button><br>\\n\\","<div id=\"testReportDiv1\" style=\"display: none;\"></div>\\n\\","utility2-comment -->\\n\\","\\n\\","\\n\\","\\n\\","<label>stderr and stdout</label>\\n\\","<textarea class=\"resettable\" id=\"outputTextareaStdout1\" readonly></textarea>\\n\\","<!-- utility2-comment\\n\\","{{#if isRollup}}\\n\\","<script src=\"assets.app.js\"></script>\\n\\","{{#unless isRollup}}\\n\\","utility2-comment -->\\n\\","<script src=\"assets.utility2.rollup.js\"></script>\\n\\","<script src=\"jsonp.utility2._stateInit?callback=window.utility2._stateInit\"></script>\\n\\","<script src=\"assets.npmtest_ts_node.rollup.js\"></script>\\n\\","<script src=\"assets.example.js\"></script>\\n\\","<script src=\"assets.test.js\"></script>\\n\\","<!-- utility2-comment\\n\\","{{/if isRollup}}\\n\\","utility2-comment -->\\n\\","<div class=\"utility2FooterDiv\">\\n\\","    [ this app was created with\\n\\","    <a href=\"https://github.com/kaizhu256/node-utility2\" target=\"_blank\">utility2</a>\\n\\","    ]\\n\\","</div>\\n\\","</body>\\n\\","</html>\\n\\","';","        /* jslint-ignore-end */","        if (local.templateRender) {","            local.assetsDict['/'] = local.templateRender(","                local.assetsDict['/assets.index.template.html'],","                {","                    env: local.objectSetDefault(local.env, {","                        npm_package_description: 'the greatest app in the world!',","                        npm_package_name: 'my-app',","                        npm_package_nameAlias: 'my_app',","                        npm_package_version: '0.0.1'","                    })","                }","            );","        } else {","            local.assetsDict['/'] = local.assetsDict['/assets.index.template.html']","                .replace((/\\{\\{env\\.(\\w+?)\\}\\}/g), function (match0, match1) {","                    // jslint-hack","                    String(match0);","                    switch (match1) {","                    case 'npm_package_description':","                        return 'the greatest app in the world!';","                    case 'npm_package_name':","                        return 'my-app';","                    case 'npm_package_nameAlias':","                        return 'my_app';","                    case 'npm_package_version':","                        return '0.0.1';","                    }","                });","        }","        // run the cli","        if (local.global.utility2_rollup || module !== require.main) {","            break;","        }","        local.assetsDict['/assets.example.js'] =","            local.assetsDict['/assets.example.js'] ||","            local.fs.readFileSync(__filename, 'utf8');","        // bug-workaround - long $npm_package_buildCustomOrg","        /* jslint-ignore-begin */","        local.assetsDict['/assets.npmtest_ts_node.rollup.js'] =","            local.assetsDict['/assets.npmtest_ts_node.rollup.js'] ||","            local.fs.readFileSync(","                local.npmtest_ts_node.__dirname + '/lib.npmtest_ts_node.js',","                'utf8'","            ).replace((/^#!/), '//');","        /* jslint-ignore-end */","        local.assetsDict['/favicon.ico'] = local.assetsDict['/favicon.ico'] || '';","        // if $npm_config_timeout_exit exists,","        // then exit this process after $npm_config_timeout_exit ms","        if (Number(process.env.npm_config_timeout_exit)) {","            setTimeout(process.exit, Number(process.env.npm_config_timeout_exit));","        }","        // start server","        if (local.global.utility2_serverHttp1) {","            break;","        }","        process.env.PORT = process.env.PORT || '8081';","        console.error('server starting on port ' + process.env.PORT);","        local.http.createServer(function (request, response) {","            request.urlParsed = local.url.parse(request.url);","            if (local.assetsDict[request.urlParsed.pathname] !== undefined) {","                response.end(local.assetsDict[request.urlParsed.pathname]);","                return;","            }","            response.statusCode = 404;","            response.end();","        }).listen(process.env.PORT);","        break;","    }","}());",""],"l":{"26":2,"28":2,"33":2,"35":2,"37":2,"38":2,"39":2,"44":1,"51":2,"55":2,"59":2,"61":2,"69":1,"70":2,"76":2,"79":2,"82":2,"83":2,"85":1,"89":2,"92":1,"93":1,"94":1,"96":1,"97":1,"100":1,"101":1,"103":1,"106":1,"108":2,"114":1,"116":1,"118":1,"123":1,"124":2,"125":2,"126":3,"127":3,"128":3,"129":3,"130":1,"133":3,"134":3,"139":3,"143":1,"144":3,"145":1,"149":1,"150":1,"158":1,"160":1,"161":1,"162":1,"164":1,"166":1,"258":1,"259":1,"271":1,"274":6,"275":6,"277":1,"279":2,"281":1,"283":2,"288":1,"289":1,"291":1,"296":1,"303":1,"306":1,"307":1,"310":1,"311":1,"313":1,"314":1,"315":1,"316":1,"317":1,"318":1,"319":1,"321":1,"322":1,"324":1}},"/home/travis/build/npmtest/node-npmtest-ts-node/node_modules/ts-node/dist/index.js":{"path":"/home/travis/build/npmtest/node-npmtest-ts-node/node_modules/ts-node/dist/index.js","s":{"1":1,"2":1,"3":0,"4":0,"5":0,"6":0,"7":1,"8":1,"9":1,"10":1,"11":1,"12":1,"13":1,"14":1,"15":1,"16":1,"17":1,"18":1,"19":1,"20":1,"21":1,"22":1,"23":1,"24":1,"25":1,"26":1,"27":2,"28":1,"29":1,"30":1,"31":1,"32":1,"33":0,"34":1,"35":1,"36":2,"37":2,"38":1,"39":2,"40":2,"41":2,"42":2,"43":2,"44":2,"45":2,"46":2,"47":2,"48":2,"49":2,"50":2,"51":2,"52":2,"53":2,"54":2,"55":2,"56":2,"57":15,"58":0,"59":2,"60":2,"61":0,"62":0,"63":0,"64":0,"65":0,"66":0,"67":0,"68":0,"69":0,"70":0,"71":0,"72":0,"73":0,"74":0,"75":0,"76":0,"77":0,"78":1,"79":0,"80":0,"81":0,"82":0,"83":0,"84":0,"85":0,"86":0,"87":0,"88":0,"89":0,"90":0,"91":0,"92":0,"93":0,"94":0,"95":0,"96":0,"97":0,"98":0,"99":0,"100":0,"101":0,"102":0,"103":0,"104":0,"105":0,"106":0,"107":0,"108":0,"109":0,"110":0,"111":0,"112":0,"113":0,"114":0,"115":0,"116":0,"117":0,"118":0,"119":0,"120":0,"121":0,"122":0,"123":0,"124":0,"125":0,"126":0,"127":0,"128":0,"129":0,"130":0,"131":0,"132":0,"133":0,"134":0,"135":0,"136":0,"137":0,"138":0,"139":0,"140":1,"141":1,"142":0,"143":0,"144":0,"145":1,"146":0,"147":0,"148":0,"149":0,"150":0,"151":0,"152":0,"153":0,"154":1,"155":0,"156":0,"157":0,"158":0,"159":0,"160":0,"161":0,"162":0,"163":0,"164":0,"165":0,"166":0,"167":1,"168":0,"169":0,"170":0,"171":0,"172":0,"173":0,"174":0,"175":0,"176":0,"177":0,"178":0,"179":0,"180":0,"181":0,"182":0,"183":0,"184":0,"185":0,"186":0,"187":0,"188":0,"189":0,"190":0,"191":0,"192":0,"193":1,"194":0,"195":0,"196":0,"197":1,"198":0,"199":0,"200":0,"201":0,"202":0,"203":1,"204":0,"205":1,"206":0,"207":1,"208":0,"209":0,"210":0,"211":0,"212":1,"213":1,"214":0,"215":0,"216":1,"217":1,"218":0,"219":0,"220":0,"221":1,"222":1,"223":0,"224":1,"225":1,"226":0,"227":0,"228":0,"229":0,"230":1,"231":0,"232":0,"233":1,"234":1,"235":0,"236":0,"237":0,"238":0,"239":0,"240":0,"241":0,"242":1,"243":1,"244":1,"245":1,"246":0,"247":0,"248":0,"249":0,"250":0,"251":1,"252":1},"b":{"1":[1,1,1],"2":[1,0,0,0],"3":[0,0],"4":[0,1],"5":[0,2],"6":[0,1],"7":[2,0],"8":[2,2],"9":[2,2,2],"10":[2,0],"11":[2,2],"12":[2,2],"13":[2,0],"14":[2,0],"15":[2,2],"16":[2,2,2],"17":[2,2],"18":[0,2],"19":[0,0],"20":[2,2],"21":[0,15],"22":[0,0],"23":[0,0],"24":[0,0],"25":[0,0],"26":[0,0],"27":[0,0],"28":[0,0],"29":[0,0],"30":[0,0],"31":[0,0],"32":[0,0],"33":[0,0],"34":[0,0],"35":[0,0],"36":[0,0],"37":[0,0],"38":[0,0],"39":[0,0],"40":[0,0],"41":[0,0],"42":[0,0],"43":[0,0],"44":[0,0],"45":[0,0],"46":[0,0],"47":[0,0],"48":[0,0],"49":[0,0],"50":[0,0],"51":[0,0],"52":[0,0],"53":[0,0],"54":[0,0]},"f":{"1":1,"2":0,"3":0,"4":1,"5":1,"6":2,"7":1,"8":0,"9":2,"10":2,"11":2,"12":15,"13":0,"14":0,"15":0,"16":0,"17":0,"18":0,"19":0,"20":0,"21":0,"22":0,"23":0,"24":0,"25":0,"26":0,"27":0,"28":0,"29":0,"30":0,"31":0,"32":0,"33":0,"34":0,"35":0,"36":0,"37":0,"38":0,"39":0,"40":0,"41":0,"42":0,"43":0,"44":0,"45":0,"46":0,"47":0,"48":0,"49":0,"50":0,"51":0,"52":1,"53":0,"54":0},"fnMap":{"1":{"name":"(anonymous_1)","line":2,"loc":{"start":{"line":2,"column":45},"end":{"line":2,"column":57}}},"2":{"name":"(anonymous_2)","line":4,"loc":{"start":{"line":4,"column":47},"end":{"line":4,"column":63}}},"3":{"name":"(anonymous_3)","line":5,"loc":{"start":{"line":5,"column":8},"end":{"line":5,"column":24}}},"4":{"name":"(anonymous_4)","line":6,"loc":{"start":{"line":6,"column":11},"end":{"line":6,"column":27}}},"5":{"name":"__","line":8,"loc":{"start":{"line":8,"column":8},"end":{"line":8,"column":22}}},"6":{"name":"split","line":38,"loc":{"start":{"line":38,"column":0},"end":{"line":38,"column":22}}},"7":{"name":"parse","line":42,"loc":{"start":{"line":42,"column":0},"end":{"line":42,"column":22}}},"8":{"name":"normalizeSlashes","line":46,"loc":{"start":{"line":46,"column":0},"end":{"line":46,"column":33}}},"9":{"name":"getTmpDir","line":50,"loc":{"start":{"line":50,"column":0},"end":{"line":50,"column":21}}},"10":{"name":"register","line":54,"loc":{"start":{"line":54,"column":0},"end":{"line":54,"column":27}}},"11":{"name":"(anonymous_11)","line":72,"loc":{"start":{"line":72,"column":32},"end":{"line":72,"column":47}}},"12":{"name":"(anonymous_12)","line":75,"loc":{"start":{"line":75,"column":27},"end":{"line":75,"column":47}}},"13":{"name":"getExtension","line":109,"loc":{"start":{"line":109,"column":4},"end":{"line":109,"column":36}}},"14":{"name":"(anonymous_14)","line":115,"loc":{"start":{"line":115,"column":20},"end":{"line":115,"column":58}}},"15":{"name":"(anonymous_15)","line":131,"loc":{"start":{"line":131,"column":22},"end":{"line":131,"column":54}}},"16":{"name":"(anonymous_16)","line":135,"loc":{"start":{"line":135,"column":27},"end":{"line":135,"column":47}}},"17":{"name":"(anonymous_17)","line":140,"loc":{"start":{"line":140,"column":25},"end":{"line":140,"column":51}}},"18":{"name":"(anonymous_18)","line":145,"loc":{"start":{"line":145,"column":32},"end":{"line":145,"column":44}}},"19":{"name":"(anonymous_19)","line":146,"loc":{"start":{"line":146,"column":30},"end":{"line":146,"column":50}}},"20":{"name":"(anonymous_20)","line":147,"loc":{"start":{"line":147,"column":31},"end":{"line":147,"column":51}}},"21":{"name":"(anonymous_21)","line":158,"loc":{"start":{"line":158,"column":24},"end":{"line":158,"column":36}}},"22":{"name":"(anonymous_22)","line":159,"loc":{"start":{"line":159,"column":33},"end":{"line":159,"column":45}}},"23":{"name":"(anonymous_23)","line":160,"loc":{"start":{"line":160,"column":36},"end":{"line":160,"column":48}}},"24":{"name":"(anonymous_24)","line":161,"loc":{"start":{"line":161,"column":35},"end":{"line":161,"column":47}}},"25":{"name":"(anonymous_25)","line":164,"loc":{"start":{"line":164,"column":20},"end":{"line":164,"column":59}}},"26":{"name":"(anonymous_26)","line":186,"loc":{"start":{"line":186,"column":81},"end":{"line":186,"column":119}}},"27":{"name":"(anonymous_27)","line":191,"loc":{"start":{"line":191,"column":22},"end":{"line":191,"column":52}}},"28":{"name":"(anonymous_28)","line":200,"loc":{"start":{"line":200,"column":23},"end":{"line":200,"column":44}}},"29":{"name":"shouldIgnore","line":204,"loc":{"start":{"line":204,"column":0},"end":{"line":204,"column":40}}},"30":{"name":"(anonymous_30)","line":206,"loc":{"start":{"line":206,"column":23},"end":{"line":206,"column":36}}},"31":{"name":"registerExtension","line":208,"loc":{"start":{"line":208,"column":0},"end":{"line":208,"column":67}}},"32":{"name":"(anonymous_32)","line":210,"loc":{"start":{"line":210,"column":30},"end":{"line":210,"column":53}}},"33":{"name":"(anonymous_33)","line":215,"loc":{"start":{"line":215,"column":21},"end":{"line":215,"column":47}}},"34":{"name":"readConfig","line":221,"loc":{"start":{"line":221,"column":0},"end":{"line":221,"column":55}}},"35":{"name":"readThrough","line":244,"loc":{"start":{"line":244,"column":0},"end":{"line":244,"column":95}}},"36":{"name":"(anonymous_36)","line":246,"loc":{"start":{"line":246,"column":15},"end":{"line":246,"column":53}}},"37":{"name":"(anonymous_37)","line":258,"loc":{"start":{"line":258,"column":11},"end":{"line":258,"column":49}}},"38":{"name":"updateOutput","line":275,"loc":{"start":{"line":275,"column":0},"end":{"line":275,"column":70}}},"39":{"name":"updateSourceMap","line":280,"loc":{"start":{"line":280,"column":0},"end":{"line":280,"column":50}}},"40":{"name":"getCacheName","line":287,"loc":{"start":{"line":287,"column":0},"end":{"line":287,"column":44}}},"41":{"name":"getCompilerDigest","line":294,"loc":{"start":{"line":294,"column":0},"end":{"line":294,"column":33}}},"42":{"name":"fileExists","line":297,"loc":{"start":{"line":297,"column":0},"end":{"line":297,"column":30}}},"43":{"name":"getDirectories","line":307,"loc":{"start":{"line":307,"column":0},"end":{"line":307,"column":30}}},"44":{"name":"(anonymous_44)","line":308,"loc":{"start":{"line":308,"column":41},"end":{"line":308,"column":57}}},"45":{"name":"directoryExists","line":311,"loc":{"start":{"line":311,"column":0},"end":{"line":311,"column":31}}},"46":{"name":"getFile","line":320,"loc":{"start":{"line":320,"column":0},"end":{"line":320,"column":27}}},"47":{"name":"filterDiagnostics","line":324,"loc":{"start":{"line":324,"column":0},"end":{"line":324,"column":57}}},"48":{"name":"(anonymous_48)","line":328,"loc":{"start":{"line":328,"column":30},"end":{"line":328,"column":43}}},"49":{"name":"formatDiagnostics","line":330,"loc":{"start":{"line":330,"column":0},"end":{"line":330,"column":61}}},"50":{"name":"(anonymous_50)","line":331,"loc":{"start":{"line":331,"column":27},"end":{"line":331,"column":40}}},"51":{"name":"formatDiagnostic","line":334,"loc":{"start":{"line":334,"column":0},"end":{"line":334,"column":59}}},"52":{"name":"(anonymous_52)","line":345,"loc":{"start":{"line":345,"column":15},"end":{"line":345,"column":33}}},"53":{"name":"TSError","line":347,"loc":{"start":{"line":347,"column":4},"end":{"line":347,"column":34}}},"54":{"name":"(anonymous_54)","line":348,"loc":{"start":{"line":348,"column":96},"end":{"line":348,"column":109}}}},"statementMap":{"1":{"start":{"line":2,"column":0},"end":{"line":11,"column":5}},"2":{"start":{"line":3,"column":4},"end":{"line":5,"column":83}},"3":{"start":{"line":4,"column":65},"end":{"line":4,"column":81}},"4":{"start":{"line":5,"column":26},"end":{"line":5,"column":80}},"5":{"start":{"line":5,"column":43},"end":{"line":5,"column":80}},"6":{"start":{"line":5,"column":68},"end":{"line":5,"column":80}},"7":{"start":{"line":6,"column":4},"end":{"line":10,"column":6}},"8":{"start":{"line":7,"column":8},"end":{"line":7,"column":28}},"9":{"start":{"line":8,"column":8},"end":{"line":8,"column":47}},"10":{"start":{"line":8,"column":24},"end":{"line":8,"column":45}},"11":{"start":{"line":9,"column":8},"end":{"line":9,"column":93}},"12":{"start":{"line":12,"column":0},"end":{"line":12,"column":62}},"13":{"start":{"line":13,"column":0},"end":{"line":13,"column":29}},"14":{"start":{"line":14,"column":0},"end":{"line":14,"column":25}},"15":{"start":{"line":15,"column":0},"end":{"line":15,"column":25}},"16":{"start":{"line":16,"column":0},"end":{"line":16,"column":53}},"17":{"start":{"line":17,"column":0},"end":{"line":17,"column":31}},"18":{"start":{"line":18,"column":0},"end":{"line":18,"column":31}},"19":{"start":{"line":19,"column":0},"end":{"line":19,"column":23}},"20":{"start":{"line":20,"column":0},"end":{"line":20,"column":31}},"21":{"start":{"line":21,"column":0},"end":{"line":21,"column":41}},"22":{"start":{"line":22,"column":0},"end":{"line":22,"column":37}},"23":{"start":{"line":23,"column":0},"end":{"line":23,"column":37}},"24":{"start":{"line":24,"column":0},"end":{"line":24,"column":30}},"25":{"start":{"line":25,"column":0},"end":{"line":37,"column":2}},"26":{"start":{"line":38,"column":0},"end":{"line":40,"column":1}},"27":{"start":{"line":39,"column":4},"end":{"line":39,"column":53}},"28":{"start":{"line":41,"column":0},"end":{"line":41,"column":22}},"29":{"start":{"line":42,"column":0},"end":{"line":44,"column":1}},"30":{"start":{"line":43,"column":4},"end":{"line":43,"column":49}},"31":{"start":{"line":45,"column":0},"end":{"line":45,"column":22}},"32":{"start":{"line":46,"column":0},"end":{"line":48,"column":1}},"33":{"start":{"line":47,"column":4},"end":{"line":47,"column":37}},"34":{"start":{"line":49,"column":0},"end":{"line":49,"column":44}},"35":{"start":{"line":50,"column":0},"end":{"line":53,"column":1}},"36":{"start":{"line":51,"column":4},"end":{"line":51,"column":88}},"37":{"start":{"line":52,"column":4},"end":{"line":52,"column":57}},"38":{"start":{"line":54,"column":0},"end":{"line":202,"column":1}},"39":{"start":{"line":55,"column":4},"end":{"line":55,"column":45}},"40":{"start":{"line":55,"column":30},"end":{"line":55,"column":43}},"41":{"start":{"line":56,"column":4},"end":{"line":56,"column":52}},"42":{"start":{"line":57,"column":4},"end":{"line":57,"column":47}},"43":{"start":{"line":58,"column":4},"end":{"line":58,"column":131}},"44":{"start":{"line":59,"column":4},"end":{"line":59,"column":115}},"45":{"start":{"line":60,"column":4},"end":{"line":60,"column":54}},"46":{"start":{"line":61,"column":4},"end":{"line":61,"column":63}},"47":{"start":{"line":62,"column":4},"end":{"line":62,"column":81}},"48":{"start":{"line":63,"column":4},"end":{"line":63,"column":71}},"49":{"start":{"line":64,"column":4},"end":{"line":64,"column":54}},"50":{"start":{"line":65,"column":4},"end":{"line":65,"column":90}},"51":{"start":{"line":66,"column":4},"end":{"line":66,"column":95}},"52":{"start":{"line":67,"column":4},"end":{"line":67,"column":54}},"53":{"start":{"line":68,"column":4},"end":{"line":68,"column":63}},"54":{"start":{"line":69,"column":4},"end":{"line":72,"column":76}},"55":{"start":{"line":72,"column":49},"end":{"line":72,"column":72}},"56":{"start":{"line":73,"column":4},"end":{"line":83,"column":7}},"57":{"start":{"line":76,"column":12},"end":{"line":81,"column":13}},"58":{"start":{"line":77,"column":16},"end":{"line":80,"column":18}},"59":{"start":{"line":84,"column":4},"end":{"line":84,"column":28}},"60":{"start":{"line":85,"column":4},"end":{"line":85,"column":31}},"61":{"start":{"line":86,"column":4},"end":{"line":86,"column":63}},"62":{"start":{"line":87,"column":4},"end":{"line":87,"column":94}},"63":{"start":{"line":88,"column":4},"end":{"line":88,"column":37}},"64":{"start":{"line":89,"column":4},"end":{"line":89,"column":226}},"65":{"start":{"line":90,"column":4},"end":{"line":90,"column":26}},"66":{"start":{"line":91,"column":4},"end":{"line":93,"column":5}},"67":{"start":{"line":92,"column":8},"end":{"line":92,"column":76}},"68":{"start":{"line":94,"column":4},"end":{"line":96,"column":5}},"69":{"start":{"line":95,"column":8},"end":{"line":95,"column":52}},"70":{"start":{"line":97,"column":4},"end":{"line":99,"column":5}},"71":{"start":{"line":98,"column":8},"end":{"line":98,"column":55}},"72":{"start":{"line":100,"column":4},"end":{"line":102,"column":5}},"73":{"start":{"line":101,"column":8},"end":{"line":101,"column":31}},"74":{"start":{"line":103,"column":4},"end":{"line":108,"column":5}},"75":{"start":{"line":104,"column":8},"end":{"line":104,"column":30}},"76":{"start":{"line":105,"column":8},"end":{"line":107,"column":9}},"77":{"start":{"line":106,"column":12},"end":{"line":106,"column":41}},"78":{"start":{"line":109,"column":4},"end":{"line":114,"column":5}},"79":{"start":{"line":110,"column":8},"end":{"line":112,"column":9}},"80":{"start":{"line":111,"column":12},"end":{"line":111,"column":26}},"81":{"start":{"line":113,"column":8},"end":{"line":113,"column":21}},"82":{"start":{"line":115,"column":4},"end":{"line":129,"column":6}},"83":{"start":{"line":116,"column":8},"end":{"line":116,"column":54}},"84":{"start":{"line":116,"column":37},"end":{"line":116,"column":52}},"85":{"start":{"line":117,"column":8},"end":{"line":121,"column":11}},"86":{"start":{"line":122,"column":8},"end":{"line":124,"column":15}},"87":{"start":{"line":125,"column":8},"end":{"line":127,"column":9}},"88":{"start":{"line":126,"column":12},"end":{"line":126,"column":86}},"89":{"start":{"line":128,"column":8},"end":{"line":128,"column":57}},"90":{"start":{"line":130,"column":4},"end":{"line":130,"column":106}},"91":{"start":{"line":131,"column":4},"end":{"line":133,"column":6}},"92":{"start":{"line":132,"column":8},"end":{"line":132,"column":83}},"93":{"start":{"line":134,"column":4},"end":{"line":198,"column":5}},"94":{"start":{"line":135,"column":8},"end":{"line":139,"column":10}},"95":{"start":{"line":136,"column":12},"end":{"line":138,"column":13}},"96":{"start":{"line":137,"column":16},"end":{"line":137,"column":45}},"97":{"start":{"line":140,"column":8},"end":{"line":143,"column":10}},"98":{"start":{"line":141,"column":12},"end":{"line":141,"column":44}},"99":{"start":{"line":142,"column":12},"end":{"line":142,"column":42}},"100":{"start":{"line":144,"column":8},"end":{"line":162,"column":10}},"101":{"start":{"line":145,"column":46},"end":{"line":145,"column":81}},"102":{"start":{"line":146,"column":52},"end":{"line":146,"column":92}},"103":{"start":{"line":148,"column":16},"end":{"line":153,"column":17}},"104":{"start":{"line":149,"column":20},"end":{"line":151,"column":21}},"105":{"start":{"line":150,"column":24},"end":{"line":150,"column":41}},"106":{"start":{"line":152,"column":20},"end":{"line":152,"column":65}},"107":{"start":{"line":154,"column":16},"end":{"line":154,"column":78}},"108":{"start":{"line":158,"column":38},"end":{"line":158,"column":54}},"109":{"start":{"line":159,"column":47},"end":{"line":159,"column":58}},"110":{"start":{"line":160,"column":50},"end":{"line":160,"column":72}},"111":{"start":{"line":161,"column":49},"end":{"line":161,"column":97}},"112":{"start":{"line":163,"column":8},"end":{"line":163,"column":62}},"113":{"start":{"line":164,"column":8},"end":{"line":185,"column":10}},"114":{"start":{"line":165,"column":12},"end":{"line":165,"column":58}},"115":{"start":{"line":165,"column":41},"end":{"line":165,"column":56}},"116":{"start":{"line":166,"column":12},"end":{"line":166,"column":59}},"117":{"start":{"line":167,"column":12},"end":{"line":169,"column":68}},"118":{"start":{"line":170,"column":12},"end":{"line":170,"column":97}},"119":{"start":{"line":171,"column":12},"end":{"line":173,"column":13}},"120":{"start":{"line":172,"column":16},"end":{"line":172,"column":90}},"121":{"start":{"line":174,"column":12},"end":{"line":176,"column":13}},"122":{"start":{"line":175,"column":16},"end":{"line":175,"column":87}},"123":{"start":{"line":177,"column":12},"end":{"line":183,"column":13}},"124":{"start":{"line":178,"column":16},"end":{"line":182,"column":62}},"125":{"start":{"line":184,"column":12},"end":{"line":184,"column":76}},"126":{"start":{"line":186,"column":8},"end":{"line":190,"column":25}},"127":{"start":{"line":187,"column":12},"end":{"line":187,"column":35}},"128":{"start":{"line":188,"column":12},"end":{"line":188,"column":39}},"129":{"start":{"line":189,"column":12},"end":{"line":189,"column":57}},"130":{"start":{"line":191,"column":8},"end":{"line":197,"column":10}},"131":{"start":{"line":192,"column":12},"end":{"line":192,"column":35}},"132":{"start":{"line":193,"column":12},"end":{"line":193,"column":76}},"133":{"start":{"line":194,"column":12},"end":{"line":194,"column":78}},"134":{"start":{"line":195,"column":12},"end":{"line":195,"column":82}},"135":{"start":{"line":196,"column":12},"end":{"line":196,"column":52}},"136":{"start":{"line":199,"column":4},"end":{"line":199,"column":100}},"137":{"start":{"line":200,"column":4},"end":{"line":200,"column":123}},"138":{"start":{"line":200,"column":46},"end":{"line":200,"column":119}},"139":{"start":{"line":201,"column":4},"end":{"line":201,"column":20}},"140":{"start":{"line":203,"column":0},"end":{"line":203,"column":28}},"141":{"start":{"line":204,"column":0},"end":{"line":207,"column":1}},"142":{"start":{"line":205,"column":4},"end":{"line":205,"column":45}},"143":{"start":{"line":206,"column":4},"end":{"line":206,"column":65}},"144":{"start":{"line":206,"column":38},"end":{"line":206,"column":61}},"145":{"start":{"line":208,"column":0},"end":{"line":220,"column":1}},"146":{"start":{"line":209,"column":4},"end":{"line":209,"column":57}},"147":{"start":{"line":210,"column":4},"end":{"line":219,"column":6}},"148":{"start":{"line":211,"column":8},"end":{"line":213,"column":9}},"149":{"start":{"line":212,"column":12},"end":{"line":212,"column":36}},"150":{"start":{"line":214,"column":8},"end":{"line":214,"column":34}},"151":{"start":{"line":215,"column":8},"end":{"line":217,"column":10}},"152":{"start":{"line":216,"column":12},"end":{"line":216,"column":83}},"153":{"start":{"line":218,"column":8},"end":{"line":218,"column":32}},"154":{"start":{"line":221,"column":0},"end":{"line":243,"column":1}},"155":{"start":{"line":222,"column":4},"end":{"line":222,"column":93}},"156":{"start":{"line":223,"column":4},"end":{"line":230,"column":7}},"157":{"start":{"line":231,"column":4},"end":{"line":231,"column":45}},"158":{"start":{"line":232,"column":4},"end":{"line":232,"column":49}},"159":{"start":{"line":233,"column":4},"end":{"line":233,"column":56}},"160":{"start":{"line":234,"column":4},"end":{"line":234,"column":66}},"161":{"start":{"line":235,"column":4},"end":{"line":235,"column":83}},"162":{"start":{"line":236,"column":4},"end":{"line":238,"column":5}},"163":{"start":{"line":237,"column":8},"end":{"line":237,"column":67}},"164":{"start":{"line":239,"column":4},"end":{"line":241,"column":5}},"165":{"start":{"line":240,"column":8},"end":{"line":240,"column":101}},"166":{"start":{"line":242,"column":4},"end":{"line":242,"column":82}},"167":{"start":{"line":244,"column":0},"end":{"line":274,"column":1}},"168":{"start":{"line":245,"column":4},"end":{"line":257,"column":5}},"169":{"start":{"line":246,"column":8},"end":{"line":256,"column":10}},"170":{"start":{"line":247,"column":12},"end":{"line":247,"column":80}},"171":{"start":{"line":248,"column":12},"end":{"line":248,"column":51}},"172":{"start":{"line":249,"column":12},"end":{"line":249,"column":68}},"173":{"start":{"line":250,"column":12},"end":{"line":250,"column":58}},"174":{"start":{"line":251,"column":12},"end":{"line":251,"column":55}},"175":{"start":{"line":252,"column":12},"end":{"line":252,"column":82}},"176":{"start":{"line":253,"column":12},"end":{"line":253,"column":62}},"177":{"start":{"line":254,"column":12},"end":{"line":254,"column":57}},"178":{"start":{"line":255,"column":12},"end":{"line":255,"column":26}},"179":{"start":{"line":258,"column":4},"end":{"line":273,"column":6}},"180":{"start":{"line":259,"column":8},"end":{"line":259,"column":76}},"181":{"start":{"line":260,"column":8},"end":{"line":260,"column":47}},"182":{"start":{"line":261,"column":8},"end":{"line":261,"column":52}},"183":{"start":{"line":262,"column":8},"end":{"line":262,"column":48}},"184":{"start":{"line":263,"column":8},"end":{"line":263,"column":51}},"185":{"start":{"line":264,"column":8},"end":{"line":266,"column":9}},"186":{"start":{"line":265,"column":12},"end":{"line":265,"column":39}},"187":{"start":{"line":267,"column":8},"end":{"line":267,"column":54}},"188":{"start":{"line":268,"column":8},"end":{"line":268,"column":78}},"189":{"start":{"line":269,"column":8},"end":{"line":269,"column":58}},"190":{"start":{"line":270,"column":8},"end":{"line":270,"column":47}},"191":{"start":{"line":271,"column":8},"end":{"line":271,"column":53}},"192":{"start":{"line":272,"column":8},"end":{"line":272,"column":22}},"193":{"start":{"line":275,"column":0},"end":{"line":279,"column":1}},"194":{"start":{"line":276,"column":4},"end":{"line":276,"column":39}},"195":{"start":{"line":277,"column":4},"end":{"line":277,"column":94}},"196":{"start":{"line":278,"column":4},"end":{"line":278,"column":89}},"197":{"start":{"line":280,"column":0},"end":{"line":286,"column":1}},"198":{"start":{"line":281,"column":4},"end":{"line":281,"column":46}},"199":{"start":{"line":282,"column":4},"end":{"line":282,"column":30}},"200":{"start":{"line":283,"column":4},"end":{"line":283,"column":35}},"201":{"start":{"line":284,"column":4},"end":{"line":284,"column":32}},"202":{"start":{"line":285,"column":4},"end":{"line":285,"column":37}},"203":{"start":{"line":287,"column":0},"end":{"line":293,"column":1}},"204":{"start":{"line":288,"column":4},"end":{"line":292,"column":23}},"205":{"start":{"line":294,"column":0},"end":{"line":296,"column":1}},"206":{"start":{"line":295,"column":4},"end":{"line":295,"column":90}},"207":{"start":{"line":297,"column":0},"end":{"line":305,"column":1}},"208":{"start":{"line":298,"column":4},"end":{"line":304,"column":5}},"209":{"start":{"line":299,"column":8},"end":{"line":299,"column":44}},"210":{"start":{"line":300,"column":8},"end":{"line":300,"column":48}},"211":{"start":{"line":303,"column":8},"end":{"line":303,"column":21}},"212":{"start":{"line":306,"column":0},"end":{"line":306,"column":32}},"213":{"start":{"line":307,"column":0},"end":{"line":309,"column":1}},"214":{"start":{"line":308,"column":4},"end":{"line":308,"column":111}},"215":{"start":{"line":308,"column":59},"end":{"line":308,"column":107}},"216":{"start":{"line":310,"column":0},"end":{"line":310,"column":40}},"217":{"start":{"line":311,"column":0},"end":{"line":318,"column":1}},"218":{"start":{"line":312,"column":4},"end":{"line":317,"column":5}},"219":{"start":{"line":313,"column":8},"end":{"line":313,"column":49}},"220":{"start":{"line":316,"column":8},"end":{"line":316,"column":21}},"221":{"start":{"line":319,"column":0},"end":{"line":319,"column":42}},"222":{"start":{"line":320,"column":0},"end":{"line":322,"column":1}},"223":{"start":{"line":321,"column":4},"end":{"line":321,"column":47}},"224":{"start":{"line":323,"column":0},"end":{"line":323,"column":26}},"225":{"start":{"line":324,"column":0},"end":{"line":329,"column":1}},"226":{"start":{"line":325,"column":4},"end":{"line":327,"column":5}},"227":{"start":{"line":326,"column":8},"end":{"line":326,"column":18}},"228":{"start":{"line":328,"column":4},"end":{"line":328,"column":86}},"229":{"start":{"line":328,"column":45},"end":{"line":328,"column":82}},"230":{"start":{"line":330,"column":0},"end":{"line":332,"column":1}},"231":{"start":{"line":331,"column":4},"end":{"line":331,"column":94}},"232":{"start":{"line":331,"column":42},"end":{"line":331,"column":90}},"233":{"start":{"line":333,"column":0},"end":{"line":333,"column":46}},"234":{"start":{"line":334,"column":0},"end":{"line":343,"column":1}},"235":{"start":{"line":335,"column":4},"end":{"line":335,"column":84}},"236":{"start":{"line":336,"column":4},"end":{"line":341,"column":5}},"237":{"start":{"line":337,"column":8},"end":{"line":337,"column":66}},"238":{"start":{"line":338,"column":8},"end":{"line":338,"column":123}},"239":{"start":{"line":339,"column":8},"end":{"line":339,"column":137}},"240":{"start":{"line":340,"column":8},"end":{"line":340,"column":59}},"241":{"start":{"line":342,"column":4},"end":{"line":342,"column":90}},"242":{"start":{"line":344,"column":0},"end":{"line":344,"column":44}},"243":{"start":{"line":345,"column":0},"end":{"line":354,"column":27}},"244":{"start":{"line":346,"column":4},"end":{"line":346,"column":31}},"245":{"start":{"line":347,"column":4},"end":{"line":352,"column":5}},"246":{"start":{"line":348,"column":8},"end":{"line":348,"column":152}},"247":{"start":{"line":348,"column":111},"end":{"line":348,"column":128}},"248":{"start":{"line":349,"column":8},"end":{"line":349,"column":40}},"249":{"start":{"line":350,"column":8},"end":{"line":350,"column":31}},"250":{"start":{"line":351,"column":8},"end":{"line":351,"column":21}},"251":{"start":{"line":353,"column":4},"end":{"line":353,"column":19}},"252":{"start":{"line":355,"column":0},"end":{"line":355,"column":26}}},"branchMap":{"1":{"line":2,"type":"binary-expr","locations":[{"start":{"line":2,"column":17},"end":{"line":2,"column":21}},{"start":{"line":2,"column":25},"end":{"line":2,"column":39}},{"start":{"line":2,"column":44},"end":{"line":11,"column":4}}]},"2":{"line":3,"type":"binary-expr","locations":[{"start":{"line":3,"column":24},"end":{"line":3,"column":45}},{"start":{"line":4,"column":9},"end":{"line":4,"column":43}},{"start":{"line":4,"column":47},"end":{"line":4,"column":83}},{"start":{"line":5,"column":8},"end":{"line":5,"column":82}}]},"3":{"line":5,"type":"if","locations":[{"start":{"line":5,"column":43},"end":{"line":5,"column":43}},{"start":{"line":5,"column":43},"end":{"line":5,"column":43}}]},"4":{"line":9,"type":"cond-expr","locations":[{"start":{"line":9,"column":35},"end":{"line":9,"column":51}},{"start":{"line":9,"column":55},"end":{"line":9,"column":91}}]},"5":{"line":39,"type":"cond-expr","locations":[{"start":{"line":39,"column":19},"end":{"line":39,"column":40}},{"start":{"line":39,"column":43},"end":{"line":39,"column":52}}]},"6":{"line":43,"type":"cond-expr","locations":[{"start":{"line":43,"column":19},"end":{"line":43,"column":36}},{"start":{"line":43,"column":39},"end":{"line":43,"column":48}}]},"7":{"line":55,"type":"if","locations":[{"start":{"line":55,"column":4},"end":{"line":55,"column":4}},{"start":{"line":55,"column":4},"end":{"line":55,"column":4}}]},"8":{"line":56,"type":"binary-expr","locations":[{"start":{"line":56,"column":19},"end":{"line":56,"column":35}},{"start":{"line":56,"column":39},"end":{"line":56,"column":51}}]},"9":{"line":58,"type":"binary-expr","locations":[{"start":{"line":58,"column":32},"end":{"line":58,"column":54}},{"start":{"line":58,"column":58},"end":{"line":58,"column":81}},{"start":{"line":58,"column":85},"end":{"line":58,"column":87}}]},"10":{"line":59,"type":"cond-expr","locations":[{"start":{"line":59,"column":63},"end":{"line":59,"column":87}},{"start":{"line":59,"column":90},"end":{"line":59,"column":113}}]},"11":{"line":60,"type":"binary-expr","locations":[{"start":{"line":60,"column":18},"end":{"line":60,"column":33}},{"start":{"line":60,"column":37},"end":{"line":60,"column":53}}]},"12":{"line":61,"type":"binary-expr","locations":[{"start":{"line":61,"column":21},"end":{"line":61,"column":39}},{"start":{"line":61,"column":43},"end":{"line":61,"column":62}}]},"13":{"line":62,"type":"cond-expr","locations":[{"start":{"line":62,"column":49},"end":{"line":62,"column":63}},{"start":{"line":62,"column":66},"end":{"line":62,"column":79}}]},"14":{"line":63,"type":"cond-expr","locations":[{"start":{"line":63,"column":41},"end":{"line":63,"column":54}},{"start":{"line":63,"column":57},"end":{"line":63,"column":69}}]},"15":{"line":64,"type":"binary-expr","locations":[{"start":{"line":64,"column":18},"end":{"line":64,"column":33}},{"start":{"line":64,"column":37},"end":{"line":64,"column":53}}]},"16":{"line":65,"type":"binary-expr","locations":[{"start":{"line":65,"column":25},"end":{"line":65,"column":47}},{"start":{"line":65,"column":51},"end":{"line":65,"column":74}},{"start":{"line":65,"column":78},"end":{"line":65,"column":89}}]},"17":{"line":69,"type":"binary-expr","locations":[{"start":{"line":69,"column":25},
[...]
:4}},{"start":{"line":245,"column":4},"end":{"line":245,"column":4}}]},"50":{"line":264,"type":"if","locations":[{"start":{"line":264,"column":8},"end":{"line":264,"column":8}},{"start":{"line":264,"column":8},"end":{"line":264,"column":8}}]},"51":{"line":300,"type":"binary-expr","locations":[{"start":{"line":300,"column":15},"end":{"line":300,"column":29}},{"start":{"line":300,"column":33},"end":{"line":300,"column":47}}]},"52":{"line":325,"type":"if","locations":[{"start":{"line":325,"column":4},"end":{"line":325,"column":4}},{"start":{"line":325,"column":4},"end":{"line":325,"column":4}}]},"53":{"line":336,"type":"if","locations":[{"start":{"line":336,"column":4},"end":{"line":336,"column":4}},{"start":{"line":336,"column":4},"end":{"line":336,"column":4}}]},"54":{"line":348,"type":"binary-expr","locations":[{"start":{"line":348,"column":20},"end":{"line":348,"column":143}},{"start":{"line":348,"column":147},"end":{"line":348,"column":151}}]}},"code":["\"use strict\";","var __extends = (this && this.__extends) || (function () {","    var extendStatics = Object.setPrototypeOf ||","        ({ __proto__: [] } instanceof Array && function (d, b) { d.__proto__ = b; }) ||","        function (d, b) { for (var p in b) if (b.hasOwnProperty(p)) d[p] = b[p]; };","    return function (d, b) {","        extendStatics(d, b);","        function __() { this.constructor = d; }","        d.prototype = b === null ? Object.create(b) : (__.prototype = b.prototype, new __());","    };","})();","Object.defineProperty(exports, \"__esModule\", { value: true });","var path_1 = require(\"path\");","var fs_1 = require(\"fs\");","var os_1 = require(\"os\");","var sourceMapSupport = require(\"source-map-support\");","var mkdirp = require(\"mkdirp\");","var crypto = require(\"crypto\");","var yn = require(\"yn\");","var arrify = require(\"arrify\");","var make_error_1 = require(\"make-error\");","var tsconfig_1 = require(\"tsconfig\");","var pkg = require('../package.json');","exports.VERSION = pkg.version;","var DEFAULTS = {","    getFile: getFile,","    fileExists: fileExists,","    cache: yn(process.env['TS_NODE_CACHE']),","    cacheDirectory: process.env['TS_NODE_CACHE_DIRECTORY'],","    disableWarnings: yn(process.env['TS_NODE_DISABLE_WARNINGS']),","    compiler: process.env['TS_NODE_COMPILER'],","    compilerOptions: parse(process.env['TS_NODE_COMPILER_OPTIONS']),","    project: process.env['TS_NODE_PROJECT'],","    ignore: split(process.env['TS_NODE_IGNORE']),","    ignoreWarnings: split(process.env['TS_NODE_IGNORE_WARNINGS']),","    fast: yn(process.env['TS_NODE_FAST'])","};","function split(value) {","    return value ? value.split(/ *, */g) : undefined;","}","exports.split = split;","function parse(value) {","    return value ? JSON.parse(value) : undefined;","}","exports.parse = parse;","function normalizeSlashes(value) {","    return value.replace(/\\\\/g, '/');","}","exports.normalizeSlashes = normalizeSlashes;","function getTmpDir() {","    var hash = crypto.createHash('sha256').update(os_1.homedir(), 'utf8').digest('hex');","    return path_1.join(os_1.tmpdir(), \"ts-node-\" + hash);","}","function register(options) {","    if (options === void 0) { options = {}; }","    var compiler = options.compiler || 'typescript';","    var emptyFileListWarnings = [18002, 18003];","    var ignoreWarnings = arrify(options.ignoreWarnings || DEFAULTS.ignoreWarnings || []).concat(emptyFileListWarnings).map(Number);","    var disableWarnings = !!(options.disableWarnings == null ? DEFAULTS.disableWarnings : options.disableWarnings);","    var getFile = options.getFile || DEFAULTS.getFile;","    var fileExists = options.fileExists || DEFAULTS.fileExists;","    var shouldCache = !!(options.cache == null ? DEFAULTS.cache : options.cache);","    var fast = !!(options.fast == null ? DEFAULTS.fast : options.fast);","    var project = options.project || DEFAULTS.project;","    var cacheDirectory = options.cacheDirectory || DEFAULTS.cacheDirectory || getTmpDir();","    var compilerOptions = Object.assign({}, DEFAULTS.compilerOptions, options.compilerOptions);","    var originalJsHandler = require.extensions['.js'];","    var cache = { contents: {}, versions: {}, sourceMaps: {} };","    var ignore = arrify((typeof options.ignore === 'boolean' ?","        (options.ignore === false ? [] : undefined) :","        (options.ignore || DEFAULTS.ignore)) ||","        ['/node_modules/']).map(function (str) { return new RegExp(str); });","    sourceMapSupport.install({","        environment: 'node',","        retrieveSourceMap: function (fileName) {","            if (cache.sourceMaps[fileName]) {","                return {","                    url: cache.sourceMaps[fileName],","                    map: getFile(cache.sourceMaps[fileName])","                };","            }","        }","    });","    var cwd = process.cwd();","    var ts = require(compiler);","    var config = readConfig(compilerOptions, project, cwd, ts);","    var configDiagnostics = filterDiagnostics(config.errors, ignoreWarnings, disableWarnings);","    var extensions = ['.ts', '.tsx'];","    var cachedir = path_1.join(path_1.resolve(cwd, cacheDirectory), getCompilerDigest({ version: ts.version, fast: fast, ignoreWarnings: ignoreWarnings, disableWarnings: disableWarnings, config: config, compiler: compiler }));","    mkdirp.sync(cachedir);","    if (configDiagnostics.length) {","        throw new TSError(formatDiagnostics(configDiagnostics, cwd, ts, 0));","    }","    if (config.options.target === undefined) {","        config.options.target = ts.ScriptTarget.ES5;","    }","    if (config.options.module === undefined) {","        config.options.module = ts.ModuleKind.CommonJS;","    }","    if (config.options.allowJs) {","        extensions.push('.js');","    }","    for (var _i = 0, _a = config.fileNames; _i < _a.length; _i++) {","        var fileName = _a[_i];","        if (/\\.d\\.ts$/.test(fileName)) {","            cache.versions[fileName] = 1;","        }","    }","    function getExtension(fileName) {","        if (config.options.jsx === ts.JsxEmit.Preserve && path_1.extname(fileName) === '.tsx') {","            return '.jsx';","        }","        return '.js';","    }","    var getOutput = function (code, fileName, lineOffset) {","        if (lineOffset === void 0) { lineOffset = 0; }","        var result = ts.transpileModule(code, {","            fileName: fileName,","            compilerOptions: config.options,","            reportDiagnostics: true","        });","        var diagnosticList = result.diagnostics ?","            filterDiagnostics(result.diagnostics, ignoreWarnings, disableWarnings) :","            [];","        if (diagnosticList.length) {","            throw new TSError(formatDiagnostics(diagnosticList, cwd, ts, lineOffset));","        }","        return [result.outputText, result.sourceMapText];","    };","    var compile = readThrough(cachedir, shouldCache, getFile, fileExists, cache, getOutput, getExtension);","    var getTypeInfo = function (_fileName, _position) {","        throw new TypeError(\"No type information available under \\\"--fast\\\" mode\");","    };","    if (!fast) {","        var addVersion_1 = function (fileName) {","            if (!cache.versions.hasOwnProperty(fileName)) {","                cache.versions[fileName] = 1;","            }","        };","        var addCache_1 = function (code, fileName) {","            cache.contents[fileName] = code;","            cache.versions[fileName] += 1;","        };","        var serviceHost = {","            getScriptFileNames: function () { return Object.keys(cache.versions); },","            getScriptVersion: function (fileName) { return String(cache.versions[fileName]); },","            getScriptSnapshot: function (fileName) {","                if (!cache.contents.hasOwnProperty(fileName)) {","                    if (!fileExists(fileName)) {","                        return undefined;","                    }","                    cache.contents[fileName] = getFile(fileName);","                }","                return ts.ScriptSnapshot.fromString(cache.contents[fileName]);","            },","            getDirectories: getDirectories,","            directoryExists: directoryExists,","            getNewLine: function () { return os_1.EOL; },","            getCurrentDirectory: function () { return cwd; },","            getCompilationSettings: function () { return config.options; },","            getDefaultLibFileName: function () { return ts.getDefaultLibFilePath(config.options); }","        };","        var service_1 = ts.createLanguageService(serviceHost);","        getOutput = function (_code, fileName, lineOffset) {","            if (lineOffset === void 0) { lineOffset = 0; }","            var output = service_1.getEmitOutput(fileName);","            var diagnostics = service_1.getCompilerOptionsDiagnostics()","                .concat(service_1.getSyntacticDiagnostics(fileName))","                .concat(service_1.getSemanticDiagnostics(fileName));","            var diagnosticList = filterDiagnostics(diagnostics, ignoreWarnings, disableWarnings);","            if (diagnosticList.length) {","                throw new TSError(formatDiagnostics(diagnosticList, cwd, ts, lineOffset));","            }","            if (output.emitSkipped) {","                throw new TypeError(path_1.relative(cwd, fileName) + \": Emit skipped\");","            }","            if (output.outputFiles.length === 0) {","                throw new TypeError('Unable to require `.d.ts` file.\\n' +","                    'This is usually the result of a faulty configuration or import. ' +","                    'Make sure there is a `.js`, `.json` or another executable extension and ' +","                    'loader (attached before `ts-node`) available alongside ' +","                    (\"`\" + path_1.basename(fileName) + \"`.\"));","            }","            return [output.outputFiles[1].text, output.outputFiles[0].text];","        };","        compile = readThrough(cachedir, shouldCache, getFile, fileExists, cache, function (code, fileName, lineOffset) {","            addVersion_1(fileName);","            addCache_1(code, fileName);","            return getOutput(code, fileName, lineOffset);","        }, getExtension);","        getTypeInfo = function (fileName, position) {","            addVersion_1(fileName);","            var info = service_1.getQuickInfoAtPosition(fileName, position);","            var name = ts.displayPartsToString(info ? info.displayParts : []);","            var comment = ts.displayPartsToString(info ? info.documentation : []);","            return { name: name, comment: comment };","        };","    }","    var register = { cwd: cwd, compile: compile, getTypeInfo: getTypeInfo, extensions: extensions };","    extensions.forEach(function (extension) { return registerExtension(extension, ignore, register, originalJsHandler); });","    return register;","}","exports.register = register;","function shouldIgnore(filename, ignore) {","    var relname = normalizeSlashes(filename);","    return ignore.some(function (x) { return x.test(relname); });","}","function registerExtension(ext, ignore, register, originalHandler) {","    var old = require.extensions[ext] || originalHandler;","    require.extensions[ext] = function (m, filename) {","        if (shouldIgnore(filename, ignore)) {","            return old(m, filename);","        }","        var _compile = m._compile;","        m._compile = function (code, fileName) {","            return _compile.call(this, register.compile(code, fileName), fileName);","        };","        return old(m, filename);","    };","}","function readConfig(compilerOptions, project, cwd, ts) {","    var result = tsconfig_1.loadSync(cwd, typeof project === 'string' ? project : undefined);","    result.config.compilerOptions = Object.assign({}, result.config.compilerOptions, compilerOptions, {","        sourceMap: true,","        inlineSourceMap: false,","        inlineSources: true,","        declaration: false,","        noEmit: false,","        outDir: '$$ts-node$$'","    });","    delete result.config.compilerOptions.out;","    delete result.config.compilerOptions.outFile;","    delete result.config.compilerOptions.declarationDir;","    var configPath = result.path && normalizeSlashes(result.path);","    var basePath = configPath ? path_1.dirname(configPath) : normalizeSlashes(cwd);","    if (typeof ts.parseConfigFile === 'function') {","        return ts.parseConfigFile(result.config, ts.sys, basePath);","    }","    if (typeof ts.parseJsonConfigFileContent === 'function') {","        return ts.parseJsonConfigFileContent(result.config, ts.sys, basePath, undefined, configPath);","    }","    throw new TypeError('Could not find a compatible `parseConfigFile` function');","}","function readThrough(cachedir, shouldCache, getFile, fileExists, cache, compile, getExtension) {","    if (shouldCache === false) {","        return function (code, fileName, lineOffset) {","            var cachePath = path_1.join(cachedir, getCacheName(code, fileName));","            var extension = getExtension(fileName);","            var sourceMapPath = \"\" + cachePath + extension + \".map\";","            var out = compile(code, fileName, lineOffset);","            cache.sourceMaps[fileName] = sourceMapPath;","            var output = updateOutput(out[0], fileName, extension, sourceMapPath);","            var sourceMap = updateSourceMap(out[1], fileName);","            fs_1.writeFileSync(sourceMapPath, sourceMap);","            return output;","        };","    }","    return function (code, fileName, lineOffset) {","        var cachePath = path_1.join(cachedir, getCacheName(code, fileName));","        var extension = getExtension(fileName);","        var outputPath = \"\" + cachePath + extension;","        var sourceMapPath = outputPath + \".map\";","        cache.sourceMaps[fileName] = sourceMapPath;","        if (fileExists(outputPath)) {","            return getFile(outputPath);","        }","        var out = compile(code, fileName, lineOffset);","        var output = updateOutput(out[0], fileName, extension, sourceMapPath);","        var sourceMap = updateSourceMap(out[1], fileName);","        fs_1.writeFileSync(outputPath, output);","        fs_1.writeFileSync(sourceMapPath, sourceMap);","        return output;","    };","}","function updateOutput(outputText, fileName, extension, sourceMapPath) {","    var ext = path_1.extname(fileName);","    var originalPath = path_1.basename(fileName).slice(0, -ext.length) + (extension + \".map\");","    return outputText.slice(0, -originalPath.length) + sourceMapPath.replace(/\\\\/g, '/');","}","function updateSourceMap(sourceMapText, fileName) {","    var sourceMap = JSON.parse(sourceMapText);","    sourceMap.file = fileName;","    sourceMap.sources = [fileName];","    delete sourceMap.sourceRoot;","    return JSON.stringify(sourceMap);","}","function getCacheName(sourceCode, fileName) {","    return crypto.createHash('sha256')","        .update(path_1.extname(fileName), 'utf8')","        .update('\\0', 'utf8')","        .update(sourceCode, 'utf8')","        .digest('hex');","}","function getCompilerDigest(opts) {","    return crypto.createHash('sha256').update(JSON.stringify(opts), 'utf8').digest('hex');","}","function fileExists(fileName) {","    try {","        var stats = fs_1.statSync(fileName);","        return stats.isFile() || stats.isFIFO();","    }","    catch (err) {","        return false;","    }","}","exports.fileExists = fileExists;","function getDirectories(path) {","    return fs_1.readdirSync(path).filter(function (name) { return directoryExists(path_1.join(path, name)); });","}","exports.getDirectories = getDirectories;","function directoryExists(path) {","    try {","        return fs_1.statSync(path).isDirectory();","    }","    catch (err) {","        return false;","    }","}","exports.directoryExists = directoryExists;","function getFile(fileName) {","    return fs_1.readFileSync(fileName, 'utf8');","}","exports.getFile = getFile;","function filterDiagnostics(diagnostics, ignore, disable) {","    if (disable) {","        return [];","    }","    return diagnostics.filter(function (x) { return ignore.indexOf(x.code) === -1; });","}","function formatDiagnostics(diagnostics, cwd, ts, lineOffset) {","    return diagnostics.map(function (x) { return formatDiagnostic(x, cwd, ts, lineOffset); });","}","exports.formatDiagnostics = formatDiagnostics;","function formatDiagnostic(diagnostic, cwd, ts, lineOffset) {","    var messageText = ts.flattenDiagnosticMessageText(diagnostic.messageText, '\\n');","    if (diagnostic.file) {","        var path = path_1.relative(cwd, diagnostic.file.fileName);","        var _a = diagnostic.file.getLineAndCharacterOfPosition(diagnostic.start), line = _a.line, character = _a.character;","        var message = path + \" (\" + (line + 1 + lineOffset) + \",\" + (character + 1) + \"): \" + messageText + \" (\" + diagnostic.code + \")\";","        return { message: message, code: diagnostic.code };","    }","    return { message: messageText + \" (\" + diagnostic.code + \")\", code: diagnostic.code };","}","exports.formatDiagnostic = formatDiagnostic;","var TSError = (function (_super) {","    __extends(TSError, _super);","    function TSError(diagnostics) {","        var _this = _super.call(this, \"\\u2A2F Unable to compile TypeScript\\n\" + diagnostics.map(function (x) { return x.message; }).join('\\n')) || this;","        _this.diagnostics = diagnostics;","        _this.name = 'TSError';","        return _this;","    }","    return TSError;","}(make_error_1.BaseError));","exports.TSError = TSError;","//# sourceMappingURL=index.js.map"],"l":{"2":1,"3":1,"4":0,"5":0,"6":1,"7":1,"8":1,"9":1,"12":1,"13":1,"14":1,"15":1,"16":1,"17":1,"18":1,"19":1,"20":1,"21":1,"22":1,"23":1,"24":1,"25":1,"38":1,"39":2,"41":1,"42":1,"43":1,"45":1,"46":1,"47":0,"49":1,"50":1,"51":2,"52":2,"54":1,"55":2,"56":2,"57":2,"58":2,"59":2,"60":2,"61":2,"62":2,"63":2,"64":2,"65":2,"66":2,"67":2,"68":2,"69":2,"72":2,"73":2,"76":15,"77":0,"84":2,"85":2,"86":0,"87":0,"88":0,"89":0,"90":0,"91":0,"92":0,"94":0,"95":0,"97":0,"98":0,"100":0,"101":0,"103":0,"104":0,"105":0,"106":0,"109":1,"110":0,"111":0,"113":0,"115":0,"116":0,"117":0,"122":0,"125":0,"126":0,"128":0,"130":0,"131":0,"132":0,"134":0,"135":0,"136":0,"137":0,"140":0,"141":0,"142":0,"144":0,"145":0,"146":0,"148":0,"149":0,"150":0,"152":0,"154":0,"158":0,"159":0,"160":0,"161":0,"163":0,"164":0,"165":0,"166":0,"167":0,"170":0,"171":0,"172":0,"174":0,"175":0,"177":0,"178":0,"184":0,"186":0,"187":0,"188":0,"189":0,"191":0,"192":0,"193":0,"194":0,"195":0,"196":0,"199":0,"200":0,"201":0,"203":1,"204":1,"205":0,"206":0,"208":1,"209":0,"210":0,"211":0,"212":0,"214":0,"215":0,"216":0,"218":0,"221":1,"222":0,"223":0,"231":0,"232":0,"233":0,"234":0,"235":0,"236":0,"237":0,"239":0,"240":0,"242":0,"244":1,"245":0,"246":0,"247":0,"248":0,"249":0,"250":0,"251":0,"252":0,"253":0,"254":0,"255":0,"258":0,"259":0,"260":0,"261":0,"262":0,"263":0,"264":0,"265":0,"267":0,"268":0,"269":0,"270":0,"271":0,"272":0,"275":1,"276":0,"277":0,"278":0,"280":1,"281":0,"282":0,"283":0,"284":0,"285":0,"287":1,"288":0,"294":1,"295":0,"297":1,"298":0,"299":0,"300":0,"303":0,"306":1,"307":1,"308":0,"310":1,"311":1,"312":0,"313":0,"316":0,"319":1,"320":1,"321":0,"323":1,"324":1,"325":0,"326":0,"328":0,"330":1,"331":0,"333":1,"334":1,"335":0,"336":0,"337":0,"338":0,"339":0,"340":0,"342":0,"344":1,"345":1,"346":1,"347":1,"348":0,"349":0,"350":0,"351":0,"353":1,"355":1}},"/home/travis/build/npmtest/node-npmtest-ts-node/node_modules/ts-node/register.js":{"path":"/home/travis/build/npmtest/node-npmtest-ts-node/node_modules/ts-node/register.js","s":{"1":2},"b":{},"f":{},"fnMap":{},"statementMap":{"1":{"start":{"line":1,"column":0},"end":{"line":1,"column":24}}},"branchMap":{},"code":["require('./').register()",""],"l":{"1":2}}}